#
# A fatal error has been detected by the Java Runtime Environment:
#
#  SIGSEGV (0xb) at pc=0xb4c8ed01, pid=10017, tid=3079510896
#
# JRE version: 6.0_22-b22
# Java VM: OpenJDK Server VM (20.0-b11 mixed mode linux-x86 )
# Derivative: IcedTea6 1.10.2
# Distribution: Ubuntu 11.04, package 6b22-1.10.2-0ubuntu1~11.04.1
# Problematic frame:
# J  org.codehaus.groovy.antlr.parser.GroovyLexer.nextToken()Lgroovyjarjarantlr/Token;
#
# If you would like to submit a bug report, please include
# instructions how to reproduce the bug and visit:
#   https://bugs.launchpad.net/ubuntu/+source/openjdk-6/
#

---------------  T H R E A D  ---------------

Current thread (0x09d55800):  JavaThread "main" [_thread_in_Java, id=10036, stack(0xb7889000,0xb78da000)]

siginfo:si_signo=SIGSEGV: si_errno=0, si_code=128 (), si_addr=0x00000000

Registers:
EAX=0xb07f50d8, EBX=0x000001d0, ECX=0x00000004, EDX=0x00000002
ESP=0xb78c6460, EBP=0x00000074, ESI=0xb78c64e8, EDI=0x00000001
EIP=0xb4c8ed01, EFLAGS=0x00010213, CR2=0x00000004

Top of Stack: (sp=0xb78c6460)
0xb78c6460:   b07f3b60 b07f3ba8 b488bee1 b07f3bc8
0xb78c6470:   b488bee1 b0839158 b081aca0 b07f4e58
0xb78c6480:   b78c6480 8903bcd4 00000000 b49eb698
0xb78c6490:   b0839158 8903bd20 b07f4ed0 00000002
0xb78c64a0:   b07f4ea8 b07f4ef0 b0839158 b081ac90
0xb78c64b0:   b07f4e58 b78c64b4 b07f4ed0 b4a64f50
0xb78c64c0:   00000002 00000000 8903f7d0 00000000
0xb78c64d0:   b78c64f0 b78c6514 b78c6514 b488c005 

Instructions: (pc=0xb4c8ed01)
0xb4c8ece1:   8b 48 08 3b d9 0f 83 f5 21 00 00 0f b7 5c 58 0c
0xb4c8ecf1:   8b eb 83 c5 f7 83 fd 76 73 0d c1 e3 02 83 c3 dc
0xb4c8ed01:   ff 24 1d 60 ea c8 b4 8b 1c 24 0f b6 43 11 8b 4b
0xb4c8ed11:   28 85 c0 0f 84 6c 24 00 00 8b 79 1c 8b 4f 04 81 

Register to memory mapping:

EAX=0xb07f50d8 is an oop
[C 
 - klass: {type array char}
 - length: 4
EBX=0x000001d0 is an unknown value
ECX=0x00000004 is an unknown value
EDX=0x00000002 is an unknown value
ESP=0xb78c6460 is pointing into the stack for thread: 0x09d55800
EBP=0x00000074 is an unknown value
ESI=0xb78c64e8 is pointing into the stack for thread: 0x09d55800
EDI=0x00000001 is an unknown value


Stack: [0xb7889000,0xb78da000],  sp=0xb78c6460,  free space=245k
Native frames: (J=compiled Java code, j=interpreted, Vv=VM code, C=native code)
J  org.codehaus.groovy.antlr.parser.GroovyLexer.nextToken()Lgroovyjarjarantlr/Token;

[error occurred during error reporting (printing native stack), id 0xb]


---------------  P R O C E S S  ---------------

Java Threads: ( => current thread )
  0x88395000 JavaThread "Low Memory Detector" daemon [_thread_blocked, id=10045, stack(0x87ca9000,0x87cfa000)]
  0x88393400 JavaThread "C2 CompilerThread1" daemon [_thread_blocked, id=10044, stack(0x87cfa000,0x87d7b000)]
  0x88391000 JavaThread "C2 CompilerThread0" daemon [_thread_in_native, id=10043, stack(0x87d7b000,0x87dfc000)]
  0x8838fc00 JavaThread "Signal Dispatcher" daemon [_thread_blocked, id=10042, stack(0x87dfc000,0x87e4d000)]
  0x88380400 JavaThread "Finalizer" daemon [_thread_blocked, id=10041, stack(0x8804d000,0x8809e000)]
  0x8837f000 JavaThread "Reference Handler" daemon [_thread_blocked, id=10040, stack(0x8809e000,0x880ef000)]
=>0x09d55800 JavaThread "main" [_thread_in_Java, id=10036, stack(0xb7889000,0xb78da000)]

Other Threads:
  0x8837b000 VMThread [stack: 0x880ef000,0x88170000] [id=10039]
  0x88396c00 WatcherThread [stack: 0x87c28000,0x87ca9000] [id=10046]

VM state:not at safepoint (normal execution)

VM Mutex/Monitor currently owned by a thread: None

Heap
 PSYoungGen      total 157632K, used 111796K [0xa9d20000, 0xb47c0000, 0xb47c0000)
  eden space 157056K, 70% used [0xa9d20000,0xb09c5040,0xb3680000)
  from space 576K, 94% used [0xb3680000,0xb3708000,0xb3710000)
  to   space 9088K, 0% used [0xb3ee0000,0xb3ee0000,0xb47c0000)
 PSOldGen        total 37568K, used 21021K [0x947c0000, 0x96c70000, 0xa9d20000)
  object space 37568K, 55% used [0x947c0000,0x95c475d0,0x96c70000)
 PSPermGen       total 20096K, used 20057K [0x887c0000, 0x89b60000, 0x947c0000)
  object space 20096K, 99% used [0x887c0000,0x89b564d0,0x89b60000)

Code Cache  [0xb4889000, 0xb4ca1000, 0xb7889000)
 total_blobs=1209 nmethods=840 adapters=322 free_code_cache=46195072 largest_free_block=31104

Dynamic libraries:
00110000-00134000 r-xp 00000000 08:06 2099133    /lib/i386-linux-gnu/libm-2.13.so
00134000-00135000 r--p 00023000 08:06 2099133    /lib/i386-linux-gnu/libm-2.13.so
00135000-00136000 rw-p 00024000 08:06 2099133    /lib/i386-linux-gnu/libm-2.13.so
00136000-00150000 r-xp 00000000 08:06 2099220    /lib/i386-linux-gnu/libgcc_s.so.1
00150000-00151000 r--p 00019000 08:06 2099220    /lib/i386-linux-gnu/libgcc_s.so.1
00151000-00152000 rw-p 0001a000 08:06 2099220    /lib/i386-linux-gnu/libgcc_s.so.1
00152000-00159000 r-xp 00000000 08:06 2099124    /lib/i386-linux-gnu/librt-2.13.so
00159000-0015a000 r--p 00006000 08:06 2099124    /lib/i386-linux-gnu/librt-2.13.so
0015a000-0015b000 rw-p 00007000 08:06 2099124    /lib/i386-linux-gnu/librt-2.13.so
0015b000-0017e000 r-xp 00000000 08:06 3036515    /usr/lib/jvm/java-6-openjdk/jre/lib/i386/libjava.so
0017e000-0017f000 r--p 00022000 08:06 3036515    /usr/lib/jvm/java-6-openjdk/jre/lib/i386/libjava.so
0017f000-00181000 rw-p 00023000 08:06 3036515    /usr/lib/jvm/java-6-openjdk/jre/lib/i386/libjava.so
00181000-00194000 r-xp 00000000 08:06 3036551    /usr/lib/jvm/java-6-openjdk/jre/lib/i386/libnet.so
00194000-00195000 r--p 00013000 08:06 3036551    /usr/lib/jvm/java-6-openjdk/jre/lib/i386/libnet.so
00195000-00196000 rw-p 00014000 08:06 3036551    /usr/lib/jvm/java-6-openjdk/jre/lib/i386/libnet.so
00196000-00198000 r-xp 00000000 08:06 1973373    /lib/libnss_mdns4_minimal.so.2
00198000-00199000 r--p 00001000 08:06 1973373    /lib/libnss_mdns4_minimal.so.2
00199000-0019a000 rw-p 00002000 08:06 1973373    /lib/libnss_mdns4_minimal.so.2
0019a000-001ab000 r-xp 00000000 08:06 2099122    /lib/i386-linux-gnu/libresolv-2.13.so
001ab000-001ac000 r--p 00010000 08:06 2099122    /lib/i386-linux-gnu/libresolv-2.13.so
001ac000-001ad000 rw-p 00011000 08:06 2099122    /lib/i386-linux-gnu/libresolv-2.13.so
001ad000-001af000 rw-p 00000000 00:00 0 
00243000-00245000 r-xp 00000000 08:06 2099169    /lib/i386-linux-gnu/libdl-2.13.so
00245000-00246000 r--p 00001000 08:06 2099169    /lib/i386-linux-gnu/libdl-2.13.so
00246000-00247000 rw-p 00002000 08:06 2099169    /lib/i386-linux-gnu/libdl-2.13.so
0031c000-00331000 r-xp 00000000 08:06 2099158    /lib/i386-linux-gnu/libpthread-2.13.so
00331000-00332000 r--p 00015000 08:06 2099158    /lib/i386-linux-gnu/libpthread-2.13.so
00332000-00333000 rw-p 00016000 08:06 2099158    /lib/i386-linux-gnu/libpthread-2.13.so
00333000-00335000 rw-p 00000000 00:00 0 
00335000-0048f000 r-xp 00000000 08:06 2099168    /lib/i386-linux-gnu/libc-2.13.so
0048f000-00490000 ---p 0015a000 08:06 2099168    /lib/i386-linux-gnu/libc-2.13.so
00490000-00492000 r--p 0015a000 08:06 2099168    /lib/i386-linux-gnu/libc-2.13.so
00492000-00493000 rw-p 0015c000 08:06 2099168    /lib/i386-linux-gnu/libc-2.13.so
00493000-00496000 rw-p 00000000 00:00 0 
004a8000-004b2000 r-xp 00000000 08:06 2099125    /lib/i386-linux-gnu/libnss_files-2.13.so
004b2000-004b3000 r--p 00009000 08:06 2099125    /lib/i386-linux-gnu/libnss_files-2.13.so
004b3000-004b4000 rw-p 0000a000 08:06 2099125    /lib/i386-linux-gnu/libnss_files-2.13.so
00516000-0051c000 r-xp 00000000 08:06 2099163    /lib/i386-linux-gnu/libnss_compat-2.13.so
0051c000-0051d000 r--p 00005000 08:06 2099163    /lib/i386-linux-gnu/libnss_compat-2.13.so
0051d000-0051e000 rw-p 00006000 08:06 2099163    /lib/i386-linux-gnu/libnss_compat-2.13.so
005b6000-005c9000 r-xp 00000000 08:06 2099144    /lib/i386-linux-gnu/libz.so.1.2.3.4
005c9000-005ca000 r--p 00012000 08:06 2099144    /lib/i386-linux-gnu/libz.so.1.2.3.4
005ca000-005cb000 rw-p 00013000 08:06 2099144    /lib/i386-linux-gnu/libz.so.1.2.3.4
00725000-0072e000 r-xp 00000000 08:06 2099108    /lib/i386-linux-gnu/libnss_nis-2.13.so
0072e000-0072f000 r--p 00008000 08:06 2099108    /lib/i386-linux-gnu/libnss_nis-2.13.so
0072f000-00730000 rw-p 00009000 08:06 2099108    /lib/i386-linux-gnu/libnss_nis-2.13.so
007e9000-007fc000 r-xp 00000000 08:06 2099152    /lib/i386-linux-gnu/libnsl-2.13.so
007fc000-007fd000 r--p 00012000 08:06 2099152    /lib/i386-linux-gnu/libnsl-2.13.so
007fd000-007fe000 rw-p 00013000 08:06 2099152    /lib/i386-linux-gnu/libnsl-2.13.so
007fe000-00800000 rw-p 00000000 00:00 0 
0084e000-00852000 r-xp 00000000 08:06 2099137    /lib/i386-linux-gnu/libnss_dns-2.13.so
00852000-00853000 r--p 00004000 08:06 2099137    /lib/i386-linux-gnu/libnss_dns-2.13.so
00853000-00854000 rw-p 00005000 08:06 2099137    /lib/i386-linux-gnu/libnss_dns-2.13.so
00886000-00965000 r-xp 00000000 08:06 3022893    /usr/lib/i386-linux-gnu/libstdc++.so.6.0.14
00965000-00969000 r--p 000de000 08:06 3022893    /usr/lib/i386-linux-gnu/libstdc++.so.6.0.14
00969000-0096a000 rw-p 000e2000 08:06 3022893    /usr/lib/i386-linux-gnu/libstdc++.so.6.0.14
0096a000-00971000 rw-p 00000000 00:00 0 
009f5000-00a11000 r-xp 00000000 08:06 2099106    /lib/i386-linux-gnu/ld-2.13.so
00a11000-00a12000 r--p 0001b000 08:06 2099106    /lib/i386-linux-gnu/ld-2.13.so
00a12000-00a13000 rw-p 0001c000 08:06 2099106    /lib/i386-linux-gnu/ld-2.13.so
00a75000-00a80000 r-xp 00000000 08:06 3036543    /usr/lib/jvm/java-6-openjdk/jre/lib/i386/libverify.so
00a80000-00a81000 ---p 0000b000 08:06 3036543    /usr/lib/jvm/java-6-openjdk/jre/lib/i386/libverify.so
00a81000-00a82000 r--p 0000b000 08:06 3036543    /usr/lib/jvm/java-6-openjdk/jre/lib/i386/libverify.so
00a82000-00a83000 rw-p 0000c000 08:06 3036543    /usr/lib/jvm/java-6-openjdk/jre/lib/i386/libverify.so
00ca5000-00cab000 r-xp 00000000 08:06 3036520    /usr/lib/jvm/java-6-openjdk/jre/lib/i386/libzip.so
00cab000-00cac000 r--p 00005000 08:06 3036520    /usr/lib/jvm/java-6-openjdk/jre/lib/i386/libzip.so
00cac000-00cad000 rw-p 00006000 08:06 3036520    /usr/lib/jvm/java-6-openjdk/jre/lib/i386/libzip.so
00de6000-00de9000 r-xp 00000000 08:06 3036524    /usr/lib/jvm/java-6-openjdk/jre/lib/i386/jli/libjli.so
00de9000-00dea000 r--p 00002000 08:06 3036524    /usr/lib/jvm/java-6-openjdk/jre/lib/i386/jli/libjli.so
00dea000-00deb000 rw-p 00003000 08:06 3036524    /usr/lib/jvm/java-6-openjdk/jre/lib/i386/jli/libjli.so
00ee0000-00ee1000 r-xp 00000000 00:00 0          [vdso]
00ee1000-015a7000 r-xp 00000000 08:06 3036534    /usr/lib/jvm/java-6-openjdk/jre/lib/i386/server/libjvm.so
015a7000-015a8000 ---p 006c6000 08:06 3036534    /usr/lib/jvm/java-6-openjdk/jre/lib/i386/server/libjvm.so
015a8000-015ed000 r--p 006c6000 08:06 3036534    /usr/lib/jvm/java-6-openjdk/jre/lib/i386/server/libjvm.so
015ed000-015fc000 rw-p 0070b000 08:06 3036534    /usr/lib/jvm/java-6-openjdk/jre/lib/i386/server/libjvm.so
015fc000-01a16000 rw-p 00000000 00:00 0 
08048000-08051000 r-xp 00000000 08:06 3036484    /usr/lib/jvm/java-6-openjdk/jre/bin/java
08051000-08052000 r--p 00008000 08:06 3036484    /usr/lib/jvm/java-6-openjdk/jre/bin/java
08052000-08053000 rw-p 00009000 08:06 3036484    /usr/lib/jvm/java-6-openjdk/jre/bin/java
09d4e000-0e8dc000 rw-p 00000000 00:00 0          [heap]
81200000-81300000 rw-p 00000000 00:00 0 
81400000-814f8000 rw-p 00000000 00:00 0 
814f8000-81500000 ---p 00000000 00:00 0 
81500000-815fd000 rw-p 00000000 00:00 0 
815fd000-81600000 ---p 00000000 00:00 0 
81600000-816f8000 rw-p 00000000 00:00 0 
816f8000-81700000 ---p 00000000 00:00 0 
81700000-817ef000 rw-p 00000000 00:00 0 
817ef000-81800000 ---p 00000000 00:00 0 
81900000-819f2000 rw-p 00000000 00:00 0 
819f2000-81a00000 ---p 00000000 00:00 0 
81a00000-81ae1000 rw-p 00000000 00:00 0 
81ae1000-81b00000 ---p 00000000 00:00 0 
81b00000-81bfd000 rw-p 00000000 00:00 0 
81bfd000-81c00000 ---p 00000000 00:00 0 
81c00000-81cf4000 rw-p 00000000 00:00 0 
81cf4000-81d00000 ---p 00000000 00:00 0 
81d00000-81f00000 rw-p 00000000 00:00 0 
81f00000-82100000 rw-p 00000000 00:00 0 
82100000-821ff000 rw-p 00000000 00:00 0 
821ff000-82200000 ---p 00000000 00:00 0 
82200000-82300000 rw-p 00000000 00:00 0 
82300000-82500000 rw-p 00000000 00:00 0 
82500000-825ff000 rw-p 00000000 00:00 0 
825ff000-82600000 ---p 00000000 00:00 0 
82700000-827fe000 rw-p 00000000 00:00 0 
827fe000-82800000 ---p 00000000 00:00 0 
82800000-828fe000 rw-p 00000000 00:00 0 
828fe000-82900000 ---p 00000000 00:00 0 
82900000-82b00000 rw-p 00000000 00:00 0 
82b00000-82d00000 rw-p 00000000 00:00 0 
82e02000-82e09000 r--s 00053000 08:06 1056780    /home/twu/.ivy2/cache/com.sun.jmx/jmxri/jars/jmxri-1.2.1.jar
82e09000-82e0b000 r--s 00017000 08:06 1056778    /home/twu/.ivy2/cache/com.sun.jdmk/jmxtools/jars/jmxtools-1.2.1.jar
82e0b000-82e0d000 r--s 00005000 08:06 929870     /home/twu/.ivy2/cache/javax.jms/jms/jars/jms-1.1.jar
82e0d000-82e14000 r--s 00059000 08:06 1056723    /home/twu/.ivy2/cache/log4j/log4j/jars/log4j-1.2.15.jar
82e14000-82e17000 r--s 00018000 08:06 1056722    /home/twu/.ivy2/cache/commons-io/commons-io/jars/commons-io-1.4.jar
82e17000-82e18000 r--s 0000b000 08:06 1056921    /home/twu/.grails/1.3.7/projects/FrontlineSMS-Legal/plugins/tomcat-1.3.7/lib/catalina-ant.jar
82e18000-82e1a000 r--s 0000d000 08:06 1056893    /home/twu/.grails/1.3.7/projects/FrontlineSMS-Legal/plugins/tomcat-1.3.7/lib/tomcat-juli.jar
82e1a000-82e26000 r--s 00149000 08:06 1056911    /home/twu/.grails/1.3.7/projects/FrontlineSMS-Legal/plugins/tomcat-1.3.7/lib/jasper-jdt.jar
82e26000-82e41000 r--s 001d5000 08:06 1056909    /home/twu/.grails/1.3.7/projects/FrontlineSMS-Legal/plugins/tomcat-1.3.7/lib/tomcat-core.jar
82e41000-82e42000 r--s 00000000 08:06 1056919    /home/twu/.grails/1.3.7/projects/FrontlineSMS-Legal/plugins/tomcat-1.3.7/lib/grails-tomcat-plugin-1.0.jar
82e42000-82e46000 r--s 0002d000 08:06 1056896    /home/twu/.grails/1.3.7/projects/FrontlineSMS-Legal/plugins/tomcat-1.3.7/lib/tomcat-dbcp.jar
82e46000-82e47000 r--s 00005000 08:06 1056895    /home/twu/.grails/1.3.7/projects/FrontlineSMS-Legal/plugins/tomcat-1.3.7/lib/tomcat-juli-adapters.jar
82e47000-82e52000 r--s 0009e000 08:06 1056907    /home/twu/.grails/1.3.7/projects/FrontlineSMS-Legal/plugins/tomcat-1.3.7/lib/tomcat-jasper.jar
82e52000-82e59000 r--s 00060000 08:06 1188386    /home/twu/.grails/1.3.7/projects/FrontlineSMS-Legal/plugins/quartz-0.4.2/lib/quartz-1.7.3.jar
82e59000-82e6f000 r--s 00259000 08:06 1055973    /home/twu/.grails/1.3.7/projects/FrontlineSMS-Legal/plugins/codenarc-0.10/lib/CodeNarc-0.13.jar
82e6f000-82e70000 r--s 00003000 08:06 1056332    /home/twu/.grails/1.3.7/projects/FrontlineSMS-Legal/plugins/csv-0.3/lib/opencsv-2.3.jar
82e70000-82e72000 r--s 0000a000 08:06 1056685    /home/twu/.ivy2/cache/org.apache.camel/camel-test/bundles/camel-test-2.5.0.jar
82e72000-82e74000 r--s 00011000 08:06 1056683    /home/twu/.ivy2/cache/org.spockframework/spock-grails-support/jars/spock-grails-support-0.5-groovy-1.7.jar
82e74000-82e76000 r--s 00009000 08:06 1056705    /home/twu/.ivy2/cache/org.hamcrest/hamcrest-core/jars/hamcrest-core-1.2.jar
82e76000-82e7c000 r--s 00030000 08:06 1056703    /home/twu/.ivy2/cache/junit/junit-dep/jars/junit-dep-4.8.2.jar
82e7c000-82e86000 r--s 0005e000 08:06 1056681    /home/twu/.ivy2/cache/org.spockframework/spock-core/jars/spock-core-0.5-groovy-1.7.jar
82e86000-82e89000 r--s 00024000 08:06 1056699    /home/twu/.ivy2/cache/commons-io/commons-io/jars/commons-io-2.0.1.jar
82e89000-82e8e000 r--s 00026000 08:06 1056697    /home/twu/.ivy2/cache/org.apache.httpcomponents/httpcore/jars/httpcore-4.0.1.jar
82e8e000-82e95000 r--s 00041000 08:06 1056693    /home/twu/.ivy2/cache/org.apache.httpcomponents/httpclient/jars/httpclient-4.0.2.jar
82e95000-82ead000 r--s 00100000 08:06 1056695    /home/twu/.ivy2/cache/com.google.guava/guava/jars/guava-r09.jar
82ead000-82eb1000 r--s 00015000 08:06 1056691    /home/twu/.ivy2/cache/org.seleniumhq.selenium/selenium-api/jars/selenium-api-2.4.0.jar
82eb1000-82eb3000 r--s 00008000 08:06 1056689    /home/twu/.ivy2/cache/org.json/json/jars/json-20080701.jar
82eb3000-82eb7000 r--s 0002c000 08:06 1056687    /home/twu/.ivy2/cache/org.seleniumhq.selenium/selenium-remote-driver/jars/selenium-remote-driver-2.4.0.jar
82eb7000-82eb9000 r--s 00112000 08:06 1056677    /home/twu/.ivy2/cache/org.seleniumhq.selenium/selenium-firefox-driver/jars/selenium-firefox-driver-2.4.0.jar
82eb9000-82eba000 r--s 00002000 08:06 1056673    /home/twu/.ivy2/cache/org.codehaus.geb/geb-spock/jars/geb-spock-0.6.0.jar
82eba000-82ebe000 r--s 0005f000 08:06 1056671    /home/twu/.ivy2/cache/org.codehaus.geb/geb-core/jars/geb-core-0.6.0.jar
82ebe000-82ec4000 r--s 0006d000 08:06 1056663    /home/twu/.ivy2/cache/org.grails/grails-test/jars/grails-test-1.3.7.jar
82ec4000-82ec5000 r--s 00006000 08:06 1056777    /home/twu/.ivy2/cache/javax.comm/comm/jars/comm-2.0.3.jar
82ec5000-82ec7000 r--s 0000d000 08:06 1056657    /home/twu/.ivy2/cache/org.rxtx/rxtx/jars/rxtx-2.1.7.jar
82ec7000-82ec8000 r--s 00002000 08:06 929652     /home/twu/.ivy2/cache/org.apache.ant/ant-launcher/jars/ant-launcher-1.7.0.jar
82ec8000-82edb000 r--s 00128000 08:06 929651     /home/twu/.ivy2/cache/org.apache.ant/ant/jars/ant-1.7.0.jar
82edb000-82edd000 r--s 00004000 08:06 1056661    /home/twu/.ivy2/cache/asm/asm-tree/jars/asm-tree-3.0.jar
82edd000-82edf000 r--s 00009000 08:06 1056659    /home/twu/.ivy2/cache/asm/asm/jars/asm-3.0.jar
82edf000-82ee4000 r--s 0006a000 08:06 1056655    /home/twu/.ivy2/cache/net.sourceforge.cobertura/cobertura/jars/cobertura-1.9.4.1.jar
82ee4000-82ee9000 r--s 00048000 08:06 1056651    /home/twu/.ivy2/cache/dom4j/dom4j/jars/dom4j-1.6.1.jar
82ee9000-82eef000 r--s 00067000 08:06 1056649    /home/twu/.ivy2/cache/antlr/antlr/jars/antlr-2.7.6.jar
82eef000-82ef7000 r--s 0008e000 08:06 1056647    /home/twu/.ivy2/cache/javassist/javassist/jars/javassist-3.11.0.GA.jar
82ef7000-82f00000 r--s 00058000 08:06 1056621    /home/twu/.ivy2/cache/apache-taglibs/standard/jars/standard-1.1.2.jar
82f00000-82ff8000 rw-p 00000000 00:00 0 
82ff8000-83000000 ---p 00000000 00:00 0 
83000000-830fc000 rw-p 00000000 00:00 0 
830fc000-83100000 ---p 00000000 00:00 0 
83100000-831fe000 rw-p 00000000 00:00 0 
831fe000-83200000 ---p 00000000 00:00 0 
83200000-832fd000 rw-p 00000000 00:00 0 
832fd000-83300000 ---p 00000000 00:00 0 
83300000-833e1000 rw-p 00000000 00:00 0 
833e1000-83400000 ---p 00000000 00:00 0 
83400000-834f0000 rw-p 00000000 00:00 0 
834f0000-83500000 ---p 00000000 00:00 0 
83500000-835f9000 rw-p 00000000 00:00 0 
835f9000-83600000 ---p 00000000 00:00 0 
83600000-836f0000 rw-p 00000000 00:00 0 
836f0000-83700000 ---p 00000000 00:00 0 
83700000-838ee000 rw-p 00000000 00:00 0 
838ee000-83900000 ---p 00000000 00:00 0 
83900000-83b00000 rw-p 00000000 00:00 0 
83b00000-83d00000 rw-p 00000000 00:00 0 
83d00000-83f00000 rw-p 00000000 00:00 0 
83f00000-84100000 rw-p 00000000 00:00 0 
84100000-84300000 rw-p 00000000 00:00 0 
84300000-84500000 rw-p 00000000 00:00 0 
84500000-84700000 rw-p 00000000 00:00 0 
84700000-84900000 rw-p 00000000 00:00 0 
84900000-84b00000 rw-p 00000000 00:00 0 
84b00000-84d00000 rw-p 00000000 00:00 0 
84d00000-84f00000 rw-p 00000000 00:00 0 
84f00000-85100000 rw-p 00000000 00:00 0 
85100000-85300000 rw-p 00000000 00:00 0 
85300000-85500000 rw-p 00000000 00:00 0 
85500000-855fb000 rw-p 00000000 00:00 0 
855fb000-85600000 ---p 00000000 00:00 0 
85600000-85800000 rw-p 00000000 00:00 0 
85800000-85a00000 rw-p 00000000 00:00 0 
85a00000-85b00000 rw-p 00000000 00:00 0 
85b02000-85b05000 r--s 0000d000 08:06 1056645    /home/twu/.ivy2/cache/org.hibernate/hibernate-validator/jars/hibernate-validator-3.1.0.GA.jar
85b05000-85b07000 r--s 00000000 08:06 1056619    /home/twu/.ivy2/cache/org.slf4j/jul-to-slf4j/jars/jul-to-slf4j-1.5.8.jar
85b07000-85b09000 r--s 00003000 08:06 929650     /home/twu/.ivy2/cache/org.slf4j/jcl-over-slf4j/jars/jcl-over-slf4j-1.5.8.jar
85b09000-85b12000 r--s 0006d000 08:06 1056571    /home/twu/.ivy2/cache/log4j/log4j/jars/log4j-1.2.16.jar
85b12000-85b18000 r--s 0003d000 08:06 1056617    /home/twu/.ivy2/cache/net.sf.ehcache/ehcache-core/jars/ehcache-core-1.7.1.jar
85b18000-85b21000 r--s 000a4000 08:06 1056615    /home/twu/.ivy2/cache/hsqldb/hsqldb/jars/hsqldb-1.8.0.10.jar
85b21000-85b24000 r--s 00016000 08:06 1056613    /home/twu/.ivy2/cache/commons-pool/commons-pool/jars/commons-pool-1.5.5.jar
85b24000-85b27000 r--s 00022000 08:06 1056611    /home/twu/.ivy2/cache/commons-dbcp/commons-dbcp/jars/commons-dbcp-1.3.jar
85b27000-85b29000 r--s 00004000 08:06 1056609    /home/twu/.ivy2/cache/javax.servlet/jstl/jars/jstl-1.1.2.jar
85b29000-85b2b000 r--s 0000e000 08:06 1056607    /home/twu/.ivy2/cache/oro/oro/jars/oro-2.0.8.jar
85b2b000-85b2e000 r--s 0000c000 08:06 1056605    /home/twu/.ivy2/cache/commons-fileupload/commons-fileupload/jars/commons-fileupload-1.2.1.jar
85b2e000-85b35000 r--s 00049000 08:06 1056603    /home/twu/.ivy2/cache/cglib/cglib-nodep/jars/cglib-nodep-2.1_3.jar
85b35000-85b3a000 r--s 00018000 08:06 1056601    /home/twu/.ivy2/cache/org.aspectj/aspectjrt/jars/aspectjrt-1.6.8.jar
85b3a000-85b50000 r--s 00178000 08:06 1056599    /home/twu/.ivy2/cache/org.aspectj/aspectjweaver/jars/aspectjweaver-1.6.8.jar
85b50000-85b52000 r--s 00003000 08:06 1056561    /home/twu/.ivy2/cache/net.frontlinesms.core/serial/jars/serial-1.0.1-SNAPSHOT.jar
85b52000-85b54000 r--s 0000e000 08:06 1056597    /home/twu/.ivy2/cache/javax.activation/activation/jars/activation-1.1.jar
85b54000-85b5b000 r--s 0006a000 08:06 1056581    /home/twu/.ivy2/cache/javax.mail/mail/jars/mail-1.4.3.jar
85b5b000-85b5e000 r--s 00016000 08:06 1056579    /home/twu/.ivy2/cache/org.springframework/spring-context-support/jars/spring-context-support-3.0.4.RELEASE.jar
85b5e000-85b65000 r--s 00032000 08:06 1056587    /home/twu/.ivy2/cache/org.springframework/spring-tx/jars/spring-tx-3.0.4.RELEASE.jar
85b65000-85b69000 r--s 00025000 08:06 1056593    /home/twu/.ivy2/cache/org.springframework/spring-expression/jars/spring-expression-3.0.4.RELEASE.jar
85b69000-85b72000 r--s 00051000 08:06 1056591    /home/twu/.ivy2/cache/org.springframework/spring-core/jars/spring-core-3.0.4.RELEASE.jar
85b72000-85b7d000 r--s 0007d000 08:06 1056589    /home/twu/.ivy2/cache/org.springframework/spring-beans/jars/spring-beans-3.0.4.RELEASE.jar
85b7d000-85b7e000 r--s 0000c000 08:06 1056595    /home/twu/.ivy2/cache/org.springframework/spring-asm/jars/spring-asm-3.0.4.RELEASE.jar
85b7e000-85b87000 r--s 00046000 08:06 1056585    /home/twu/.ivy2/cache/org.springframework/spring-aop/jars/spring-aop-3.0.4.RELEASE.jar
85b87000-85b98000 r--s 00092000 08:06 1056583    /home/twu/.ivy2/cache/org.springframework/spring-context/jars/spring-context-3.0.4.RELEASE.jar
85b98000-85b9a000 r--s 0000b000 08:06 1056559    /home/twu/.ivy2/cache/org.apache.camel/camel-mail/bundles/camel-mail-2.5.0.jar
85b9a000-85b9d000 r--s 0001b000 08:06 1056577    /home/twu/.ivy2/cache/net.frontlinesms.core/smslib/jars/smslib-1.1.0-SNAPSHOT.jar
85b9d000-85b9e000 r--s 00003000 08:06 1056557    /home/twu/.ivy2/cache/net.frontlinesms.core/camel-smslib/jars/camel-smslib-0.0.2-SNAPSHOT.jar
85b9e000-85ba0000 r--s 0000d000 08:06 1056575    /home/twu/.ivy2/cache/commons-logging/commons-logging/jars/commons-logging-1.1.1.jar
85ba0000-85ba5000 r--s 00028000 08:06 1056573    /home/twu/.ivy2/cache/org.springframework/spring-test/jars/spring-test-2.5.6.jar
85ba5000-85ba6000 r--s 00001000 08:06 1056565    /home/twu/.ivy2/cache/net.frontlinesms/frontlinesms-test/jars/frontlinesms-test-0.01.01.jar
85ba6000-85bc3000 r--s 0013e000 08:06 1056569    /home/twu/.ivy2/cache/org.mockito/mockito-all/jars/mockito-all-1.8.5.jar
85bc3000-85bc9000 r--s 00034000 08:06 1056567    /home/twu/.ivy2/cache/junit/junit/jars/junit-4.8.1.jar
85bc9000-85bcb000 r--s 00001000 08:06 1056563    /home/twu/.ivy2/cache/net.frontlinesms.test/serial-test/jars/serial-test-0.0.2-SNAPSHOT.jar
85bcb000-85bcc000 r--s 00002000 08:06 1056555    /home/twu/.ivy2/cache/net.frontlinesms.test/hayescommandset-test/jars/hayescommandset-test-0.0.2-SNAPSHOT.jar
85bcc000-85bd1000 r--s 00040000 08:06 1056553    /home/twu/.ivy2/cache/org.hibernate/hibernate-annotations/jars/hibernate-annotations-3.4.0.GA.jar
85bd1000-85bd4000 r--s 0000e000 08:06 1056551    /home/twu/.ivy2/cache/org.hibernate/hibernate-commons-annotations/jars/hibernate-commons-annotations-3.1.0.GA.jar
85bd4000-85c00000 r--s 00278000 08:06 1056549    /home/twu/.ivy2/cache/org.hibernate/hibernate-core/jars/hibernate-core-3.3.1.GA.jar
85c00000-85cf6000 rw-p 00000000 00:00 0 
85cf6000-85d00000 ---p 00000000 00:00 0 
85d00000-85dfe000 rw-p 00000000 00:00 0 
85dfe000-85e00000 ---p 00000000 00:00 0 
85e00000-85e01000 r--s 00005000 08:06 1056643    /home/twu/.ivy2/cache/org.apache.camel/camel-stream/bundles/camel-stream-2.5.0.jar
85e01000-85e03000 r--s 00004000 08:06 1056641    /home/twu/.ivy2/cache/org.apache.camel/camel-groovy/bundles/camel-groovy-2.5.0.jar
85e03000-85e0c000 r--s 0005e000 08:06 1056547    /home/twu/.ivy2/cache/org.springframework/org.springframework.web.servlet/jars/org.springframework.web.servlet-3.0.5.RELEASE.jar
85e0c000-85e16000 r--s 00057000 08:06 1056545    /home/twu/.ivy2/cache/org.springframework/org.springframework.web/jars/org.springframework.web-3.0.5.RELEASE.jar
85e16000-85e1d000 r--s 00032000 08:06 1056543    /home/twu/.ivy2/cache/org.springframework/org.springframework.transaction/jars/org.springframework.transaction-3.0.5.RELEASE.jar
85e1d000-85e1f000 r--s 0000d000 08:06 1056541    /home/twu/.ivy2/cache/org.springframework/org.springframework.oxm/jars/org.springframework.oxm-3.0.5.RELEASE.jar
85e1f000-85e27000 r--s 0004a000 08:06 1056539    /home/twu/.ivy2/cache/org.springframework/org.springframework.orm/jars/org.springframework.orm-3.0.5.RELEASE.jar
85e27000-85e2c000 r--s 00029000 08:06 1056537    /home/twu/.ivy2/cache/org.springframework/org.springframework.jms/jars/org.springframework.jms-3.0.5.RELEASE.jar
85e2c000-85e36000 r--s 00055000 08:06 1056535    /home/twu/.ivy2/cache/org.springframework/org.springframework.jdbc/jars/org.springframework.jdbc-3.0.5.RELEASE.jar
85e36000-85e37000 r--s 00000000 08:06 1056532    /home/twu/.ivy2/cache/org.springframework/org.springframework.instrument/jars/org.springframework.instrument-3.0.5.RELEASE.jar
85e37000-85e3b000 r--s 00026000 08:06 1056530    /home/twu/.ivy2/cache/org.springframework/org.springframework.expression/jars/org.springframework.expression-3.0.5.RELEASE.jar
85e3b000-85e3e000 r--s 00016000 08:06 1056528    /home/twu/.ivy2/cache/org.springframework/org.springframework.context.support/jars/org.springframework.context.support-3.0.5.RELEASE.jar
85e3e000-85e50000 r--s 00092000 08:06 1056526    /home/twu/.ivy2/cache/org.springframework/org.springframework.context/jars/org.springframework.context-3.0.5.RELEASE.jar
85e50000-85e5c000 r--s 0007c000 08:06 1056524    /home/twu/.ivy2/cache/org.springframework/org.springframework.beans/jars/org.springframework.beans-3.0.5.RELEASE.jar
85e5c000-85e5d000 r--s 0000c000 08:06 1056522    /home/twu/.ivy2/cache/org.springframework/org.springframework.asm/jars/org.springframework.asm-3.0.5.RELEASE.jar
85e5d000-85e5f000 r--s 00007000 08:06 1056520    /home/twu/.ivy2/cache/org.springframework/org.springframework.aspects/jars/org.springframework.aspects-3.0.5.RELEASE.jar
85e5f000-85e68000 r--s 00046000 08:06 1056518    /home/twu/.ivy2/cache/org.springframework/org.springframework.aop/jars/org.springframework.aop-3.0.5.RELEASE.jar
85e68000-85e71000 r--s 00055000 08:06 1056516    /home/twu/.ivy2/cache/org.springframework/org.springframework.core/jars/org.springframework.core-3.0.5.RELEASE.jar
85e71000-85e73000 r--s 0000d000 08:06 1056514    /home/twu/.ivy2/cache/org.grails/grails-spring/jars/grails-spring-1.3.7.jar
85e73000-85e7e000 r--s 0008a000 08:06 1056512    /home/twu/.ivy2/cache/org.grails/grails-gorm/jars/grails-gorm-1.3.7.jar
85e7e000-85e80000 r--s 0000d000 08:06 1056510    /home/twu/.ivy2/cache/org.grails/grails-crud/jars/grails-crud-1.3.7.jar
85e80000-85e86000 r--s 00027000 08:06 1056508    /home/twu/.ivy2/cache/opensymphony/sitemesh/jars/sitemesh-2.4.jar
85e86000-85e89000 r--s 0000a000 08:06 1056506    /home/twu/.ivy2/cache/org.hibernate/ejb3-persistence/jars/ejb3-persistence-1.0.2.GA.jar
85e89000-85e8b000 r--s 00002000 08:06 1056504    /home/twu/.ivy2/cache/javax.transaction/jta/jars/jta-1.1.jar
85e8b000-85e8f000 r--s 0003c000 08:06 1056502    /home/twu/.ivy2/cache/commons-lang/commons-lang/jars/commons-lang-2.4.jar
85e8f000-85e9d000 r--s 0007f000 08:06 1056500    /home/twu/.ivy2/cache/commons-collections/commons-collections/jars/commons-collections-3.2.1.jar
85e9d000-85e9f000 r--s 0000d000 08:06 1056498    /home/twu/.ivy2/cache/commons-codec/commons-codec/jars/commons-codec-1.4.jar
85e9f000-85ea1000 r--s 00000000 08:06 1056496    /home/twu/.ivy2/cache/aopalliance/aopalliance/jars/aopalliance-1.0.jar
85ea1000-85ea4000 r--s 0001f000 08:06 1056494    /home/twu/.ivy2/cache/commons-validator/commons-validator/jars/commons-validator-1.3.1.jar
85ea4000-85ea7000 r--s 00019000 08:06 1056492    /home/twu/.ivy2/cache/commons-el/commons-el/jars/commons-el-1.0.jar
85ea7000-85eac000 r--s 00034000 08:06 1056490    /home/twu/.ivy2/cache/commons-beanutils/commons-beanutils/jars/commons-beanutils-1.8.0.jar
85eac000-85f00000 r--s 00516000 08:06 1056488    /home/twu/.ivy2/cache/org.codehaus.groovy/groovy-all/jars/groovy-all-1.7.8.jar
85f00000-85ffe000 rw-p 00000000 00:00 0 
85ffe000-86000000 ---p 00000000 00:00 0 
86000000-86100000 rw-p 00000000 00:00 0 
86100000-86300000 rw-p 00000000 00:00 0 
86300000-86500000 rw-p 00000000 00:00 0 
86500000-866fc000 rw-p 00000000 00:00 0 
866fc000-86700000 ---p 00000000 00:00 0 
86700000-867f9000 rw-p 00000000 00:00 0 
867f9000-86800000 ---p 00000000 00:00 0 
86800000-86900000 rw-p 00000000 00:00 0 
86900000-86903000 r--s 0001e000 08:06 1576692    /home/twu/.ivy2/cache/org.mortbay.jetty/servlet-api-2.5/jars/servlet-api-2.5-6.1.14.jar
86903000-86906000 r--s 00025000 08:06 1576690    /home/twu/.ivy2/cache/org.mortbay.jetty/jetty-util/jars/jetty-util-6.1.14.jar
86906000-8690d000 r--s 00078000 08:06 1576687    /home/twu/.ivy2/cache/org.mortbay.jetty/jetty/jars/jetty-6.1.14.jar
8690d000-86910000 ---p 00000000 00:00 0 
86910000-8695e000 rw-p 00000000 00:00 0 
8695e000-86961000 ---p 00000000 00:00 0 
86961000-869af000 rw-p 00000000 00:00 0 
869af000-869b2000 ---p 00000000 00:00 0 
869b2000-86a00000 rw-p 00000000 00:00 0 
86a00000-86c00000 rw-p 00000000 00:00 0 
86c00000-86dfb000 rw-p 00000000 00:00 0 
86dfb000-86e00000 ---p 00000000 00:00 0 
86e00000-87000000 rw-p 00000000 00:00 0 
87000000-870fa000 rw-p 00000000 00:00 0 
870fa000-87100000 ---p 00000000 00:00 0 
87100000-871fa000 rw-p 00000000 00:00 0 
871fa000-87200000 ---p 00000000 00:00 0 
87200000-872fc000 rw-p 00000000 00:00 0 
872fc000-87300000 ---p 00000000 00:00 0 
87300000-873f9000 rw-p 00000000 00:00 0 
873f9000-87400000 ---p 00000000 00:00 0 
87400000-874f9000 rw-p 00000000 00:00 0 
874f9000-87500000 ---p 00000000 00:00 0 
87500000-87600000 rw-p 00000000 00:00 0 
87600000-876fe000 rw-p 00000000 00:00 0 
876fe000-87700000 ---p 00000000 00:00 0 
87700000-877fa000 rw-p 00000000 00:00 0 
877fa000-87800000 ---p 00000000 00:00 0 
87800000-87900000 rw-p 00000000 00:00 0 
87900000-87902000 r--s 00005000 08:06 1056623    /home/twu/.ivy2/cache/xpp3/xpp3_min/jars/xpp3_min-1.1.3.4.O.jar
87902000-87905000 r--s 00016000 08:06 1055327    /home/twu/.ivy2/cache/javax.servlet/jsp-api/jars/jsp-api-2.1.jar
87905000-87908000 r--s 0001e000 08:06 1055325    /home/twu/.ivy2/cache/javax.servlet/servlet-api/jars/servlet-api-2.5.jar
87908000-8790d000 r--s 00029000 08:06 1055312    /home/twu/.ivy2/cache/org.apache.camel/camel-spring/bundles/camel-spring-2.5.0.jar
8790d000-8790e000 r--s 00003000 08:06 1055316    /home/twu/.ivy2/cache/org.fusesource.commonman/commons-management/bundles/commons-management-1.0.jar
8790e000-8790f000 r--s 0000a000 08:06 1055314    /home/twu/.ivy2/cache/commons-logging/commons-logging-api/jars/commons-logging-api-1.1.jar
8790f000-8792e000 r--s 00166000 08:06 1055310    /home/twu/.ivy2/cache/org.apache.camel/camel-core/bundles/camel-core-2.5.0.jar
8792e000-87930000 r--s 00008000 08:06 929625     /home/twu/.ivy2/cache/com.googlecode.concurrentlinkedhashmap/concurrentlinkedhashmap-lru/jars/concurrentlinkedhashmap-lru-1.0_jdk5.jar
87930000-87936000 r--s 0002d000 08:06 1055308    /home/twu/.ivy2/cache/org.springframework/org.springframework.test/jars/org.springframework.test-3.0.5.RELEASE.jar
87936000-87937000 r--s 00002000 08:06 1055306    /home/twu/.ivy2/cache/org.slf4j/slf4j-log4j12/jars/slf4j-log4j12-1.5.8.jar
87937000-87938000 r--s 00005000 08:06 1055266    /home/twu/.ivy2/cache/org.slf4j/slf4j-api/jars/slf4j-api-1.5.8.jar
87938000-87952000 r--s 001a7000 08:06 1055252    /home/twu/.ivy2/cache/org.grails/grails-web/jars/grails-web-1.3.7.jar
87952000-87954000 r--s 00031000 08:06 929623     /home/twu/.ivy2/cache/org.grails/grails-resources/jars/grails-resources-1.3.7.jar
87954000-87963000 r--s 000c8000 08:06 929621     /home/twu/.ivy2/cache/org.grails/grails-core/jars/grails-core-1.3.7.jar
87963000-8796f000 r--s 0012d000 08:06 929619     /home/twu/.ivy2/cache/org.grails/grails-scripts/jars/grails-scripts-1.3.7.jar
8796f000-87973000 r--s 00045000 08:06 929617     /home/twu/.ivy2/cache/org.grails/grails-bootstrap/jars/grails-bootstrap-1.3.7.jar
87973000-87987000 r--s 0012f000 08:06 929599     /home/twu/.ivy2/cache/org.apache.ant/ant/jars/ant-1.7.1.jar
87987000-87989000 r--s 00001000 08:06 3035997    /usr/lib/jvm/java-6-openjdk/jre/lib/ext/dnsns.jar
87989000-8798c000 r--s 00033000 08:06 929615     /home/twu/.ivy2/cache/org.grails/grails-docs/jars/grails-docs-1.3.7.jar
8798c000-8798f000 r--s 00041000 08:06 929613     /home/twu/.ivy2/cache/xalan/serializer/jars/serializer-2.7.1.jar
8798f000-87991000 r--s 00008000 08:06 929611     /home/twu/.ivy2/cache/org.fusesource.jansi/jansi/jars/jansi-1.2.1.jar
87991000-87999000 r--s 00062000 08:06 929605     /home/twu/.ivy2/cache/org.apache.ant/ant-nodeps/jars/ant-nodeps-1.7.1.jar
87999000-879af000 r--s 001b3000 08:06 929597     /home/twu/.ivy2/cache/org.tmatesoft.svnkit/svnkit/jars/svnkit-1.3.1.jar
879af000-879b2000 ---p 00000000 00:00 0 
879b2000-87a00000 rw-p 00000000 00:00 0 
87a00000-87b00000 rw-p 00000000 00:00 0 
87b00000-87b02000 r--s 00014000 08:06 929609     /home/twu/.ivy2/cache/jline/jline/jars/jline-0.9.94.jar
87b02000-87b04000 r--s 00015000 08:06 929603     /home/twu/.ivy2/cache/org.apache.ant/ant-junit/jars/ant-junit-1.7.1.jar
87b04000-87b0b000 r--s 0005a000 08:06 929595     /home/twu/.ivy2/cache/org.codehaus.gpars/gpars/jars/gpars-0.9.jar
87b0b000-87b0e000 ---p 00000000 00:00 0 
87b0e000-87b5c000 rw-p 00000000 00:00 0 
87b5c000-87bbb000 r--s 00d91000 08:06 3036767    /usr/lib/jvm/java-6-openjdk/lib/tools.jar
87bbb000-87bcf000 r--s 0012f000 08:06 3171696    /usr/share/grails/1.3.7/lib/ant-1.7.1.jar
87bcf000-87bd4000 r--s 00049000 08:06 3171654    /usr/share/grails/1.3.7/lib/gant_groovy1.7-1.9.2.jar
87bd4000-87c28000 r--s 00516000 08:06 3171640    /usr/share/grails/1.3.7/lib/groovy-all-1.7.8.jar
87c28000-87c29000 ---p 00000000 00:00 0 
87c29000-87ca9000 rw-p 00000000 00:00 0 
87ca9000-87cac000 ---p 00000000 00:00 0 
87cac000-87cfa000 rw-p 00000000 00:00 0 
87cfa000-87cfd000 ---p 00000000 00:00 0 
87cfd000-87d7b000 rw-p 00000000 00:00 0 
87d7b000-87d7e000 ---p 00000000 00:00 0 
87d7e000-87dfc000 rw-p 00000000 00:00 0 
87dfc000-87dff000 ---p 00000000 00:00 0 
87dff000-87e4d000 rw-p 00000000 00:00 0 
87e4d000-8804d000 r--p 00000000 08:06 2893550    /usr/lib/locale/locale-archive
8804d000-88050000 ---p 00000000 00:00 0 
88050000-8809e000 rw-p 00000000 00:00 0 
8809e000-880a1000 ---p 00000000 00:00 0 
880a1000-880ef000 rw-p 00000000 00:00 0 
880ef000-880f0000 ---p 00000000 00:00 0 
880f0000-88170000 rw-p 00000000 00:00 0 
88170000-88300000 r--s 037af000 08:06 3036556    /usr/lib/jvm/java-6-openjdk/jre/lib/rt.jar
88300000-883ff000 rw-p 00000000 00:00 0 
883ff000-88400000 ---p 00000000 00:00 0 
88400000-88401000 r--p 00000000 00:00 0 
88401000-88410000 r--s 000d9000 08:06 3171668    /usr/share/grails/1.3.7/lib/ivy-2.2.0.jar
88410000-88417000 r--s 0005a000 08:06 3171689    /usr/share/grails/1.3.7/lib/gpars-0.9.jar
88417000-8841b000 r--s 0007c000 08:06 3035970    /usr/lib/jvm/java-6-openjdk/jre/lib/jsse.jar
8841b000-8841f000 r--s 00045000 08:06 3171726    /usr/share/grails/1.3.7/dist/grails-bootstrap-1.3.7.jar
8841f000-88452000 rw-p 00000000 00:00 0 
88452000-88453000 ---p 00000000 00:00 0 
88453000-884d3000 rw-p 00000000 00:00 0 
884d3000-884d4000 ---p 00000000 00:00 0 
884d4000-8855e000 rw-p 00000000 00:00 0 
8855e000-885b4000 rw-p 00000000 00:00 0 
885b4000-885c7000 rw-p 00000000 00:00 0 
885c7000-8865f000 rw-p 00000000 00:00 0 
8865f000-88669000 rw-p 00000000 00:00 0 
88669000-886bf000 rw-p 00000000 00:00 0 
886bf000-886d2000 rw-p 00000000 00:00 0 
886d2000-88769000 rw-p 00000000 00:00 0 
88769000-887bf000 rw-p 00000000 00:00 0 
887bf000-89b60000 rw-p 00000000 00:00 0 
89b60000-947c0000 rw-p 00000000 00:00 0 
947c0000-96c70000 rw-p 00000000 00:00 0 
96c70000-a9d20000 rw-p 00000000 00:00 0 
a9d20000-b47c0000 rw-p 00000000 00:00 0 
b47c0000-b47c1000 r--s 00001000 08:06 1056653    /home/twu/.ivy2/cache/org.hibernate/hibernate-ehcache/jars/hibernate-ehcache-3.3.1.GA.jar
b47c1000-b47c9000 r--s 00066000 08:06 536442     /usr/share/java/gnome-java-bridge.jar
b47c9000-b47da000 rw-p 00000000 00:00 0 
b47da000-b4889000 rw-p 00000000 00:00 0 
b4889000-b4ca1000 rwxp 00000000 00:00 0 
b4ca1000-b7889000 rw-p 00000000 00:00 0 
b7889000-b788c000 ---p 00000000 00:00 0 
b788c000-b78dd000 rw-p 00000000 00:00 0 
b78dd000-b78de000 r--s 00001000 08:06 929607     /home/twu/.ivy2/cache/org.apache.ant/ant-trax/jars/ant-trax-1.7.1.jar
b78de000-b78df000 r--s 00002000 08:06 929601     /home/twu/.ivy2/cache/org.apache.ant/ant-launcher/jars/ant-launcher-1.7.1.jar
b78df000-b78e2000 r--s 0000f000 08:06 3035999    /usr/lib/jvm/java-6-openjdk/jre/lib/ext/pulse-java.jar
b78e2000-b78e3000 r--p 007ed000 08:06 2893550    /usr/lib/locale/locale-archive
b78e3000-b78eb000 rw-s 00000000 08:06 2621508    /tmp/hsperfdata_twu/10017
b78eb000-b78ec000 rw-p 00000000 00:00 0 
b78ec000-b78ed000 r--p 00000000 00:00 0 
b78ed000-b78ef000 rw-p 00000000 00:00 0 
bf9cf000-bf9f0000 rw-p 00000000 00:00 0          [stack]

VM Arguments:
jvm_args: -Xmx512M -XX:MaxPermSize=192m -Dfile.encoding=UTF-8 -Dgrails.home=/usr/share/grails/1.3.7 -Dtools.jar=/usr/lib/jvm/java-6-openjdk/lib/tools.jar 
java_command: org.codehaus.groovy.grails.cli.support.GrailsStarter --main org.codehaus.groovy.grails.cli.GrailsScriptRunner --conf /usr/share/grails/1.3.7/conf/groovy-starter.conf --classpath  -Dserver.port=4000 test-app -coverage --non-interactive
Launcher Type: SUN_STANDARD

Environment Variables:
PATH=/usr/local/sbin:/usr/local/bin:/usr/sbin:/usr/bin:/sbin:/bin:/usr/games:/home/twu/.rvm/bin:/home/twu/.rvm/bin
USERNAME=twu
LD_LIBRARY_PATH=/usr/lib/jvm/java-6-openjdk/jre/lib/i386/server:/usr/lib/jvm/java-6-openjdk/jre/lib/i386:/usr/lib/jvm/java-6-openjdk/jre/../lib/i386
SHELL=/usr/bin/zsh
DISPLAY=:0

Signal Handlers:
SIGSEGV: [libjvm.so+0x656ef0], sa_mask[0]=0x7ffbfeff, sa_flags=0x10000004
SIGBUS: [libjvm.so+0x656ef0], sa_mask[0]=0x7ffbfeff, sa_flags=0x10000004
SIGFPE: [libjvm.so+0x51d410], sa_mask[0]=0x7ffbfeff, sa_flags=0x10000004
SIGPIPE: [libjvm.so+0x51d410], sa_mask[0]=0x7ffbfeff, sa_flags=0x10000004
SIGXFSZ: [libjvm.so+0x51d410], sa_mask[0]=0x7ffbfeff, sa_flags=0x10000004
SIGILL: [libjvm.so+0x51d410], sa_mask[0]=0x7ffbfeff, sa_flags=0x10000004
SIGUSR1: SIG_DFL, sa_mask[0]=0x00000000, sa_flags=0x00000000
SIGUSR2: [libjvm.so+0x51d280], sa_mask[0]=0x00000000, sa_flags=0x10000004
SIGHUP: [libjvm.so+0x520070], sa_mask[0]=0x7ffbfeff, sa_flags=0x10000004
SIGINT: [libjvm.so+0x520070], sa_mask[0]=0x7ffbfeff, sa_flags=0x10000004
SIGTERM: [libjvm.so+0x520070], sa_mask[0]=0x7ffbfeff, sa_flags=0x10000004
SIGQUIT: [libjvm.so+0x520070], sa_mask[0]=0x7ffbfeff, sa_flags=0x10000004


---------------  S Y S T E M  ---------------

OS:Ubuntu 11.04 (natty)
uname:Linux 2.6.38-10-generic #46-Ubuntu SMP Tue Jun 28 15:05:41 UTC 2011 i686
libc:glibc 2.13 NPTL 2.13 
rlimit: STACK 8192k, CORE 0k, NPROC infinity, NOFILE 4096, AS infinity
load average:1.33 0.62 0.49

/proc/meminfo:
MemTotal:        3601456 kB
MemFree:          581492 kB
Buffers:          171476 kB
Cached:           867116 kB
SwapCached:         1348 kB
Active:          1703608 kB
Inactive:        1161412 kB
Active(anon):    1260064 kB
Inactive(anon):   571400 kB
Active(file):     443544 kB
Inactive(file):   590012 kB
Unevictable:          16 kB
Mlocked:              16 kB
HighTotal:       2748732 kB
HighFree:         347108 kB
LowTotal:         852724 kB
LowFree:          234384 kB
SwapTotal:      33554428 kB
SwapFree:       33547360 kB
Dirty:               504 kB
Writeback:             0 kB
AnonPages:       1825236 kB
Mapped:           212944 kB
Shmem:              5020 kB
Slab:              74264 kB
SReclaimable:      56764 kB
SUnreclaim:        17500 kB
KernelStack:        3424 kB
PageTables:         9192 kB
NFS_Unstable:          0 kB
Bounce:                0 kB
WritebackTmp:          0 kB
CommitLimit:    35355156 kB
Committed_AS:    3713308 kB
VmallocTotal:     122880 kB
VmallocUsed:       71360 kB
VmallocChunk:      23548 kB
HardwareCorrupted:     0 kB
HugePages_Total:       0
HugePages_Free:        0
HugePages_Rsvd:        0
HugePages_Surp:        0
Hugepagesize:       4096 kB
DirectMap4k:      225272 kB
DirectMap4M:      684032 kB


CPU:total 2 (2 cores per cpu, 1 threads per core) family 6 model 23 stepping 10, cmov, cx8, fxsr, mmx, sse, sse2, sse3, ssse3, sse4.1

Memory: 4k page, physical 3601456k(581492k free), swap 33554428k(33547360k free)

vm_info: OpenJDK Server VM (20.0-b11) for linux-x86 JRE (1.6.0_22-b22), built on Jun 11 2011 05:56:20 by "buildd" with gcc 4.5.2

time: Thu Sep  8 16:19:28 2011
elapsed time: 19 seconds

