#
# A fatal error has been detected by the Java Runtime Environment:
#
#  SIGSEGV (0xb) at pc=0xb49a310b, pid=3426, tid=3079363440
#
# JRE version: 6.0_22-b22
# Java VM: OpenJDK Server VM (20.0-b11 mixed mode linux-x86 )
# Derivative: IcedTea6 1.10.2
# Distribution: Ubuntu 11.04, package 6b22-1.10.2-0ubuntu1~11.04.1
# Problematic frame:
# J  groovyjarjarantlr.TokenBuffer.fill(I)V
#
# If you would like to submit a bug report, please include
# instructions how to reproduce the bug and visit:
#   https://bugs.launchpad.net/ubuntu/+source/openjdk-6/
#

---------------  T H R E A D  ---------------

Current thread (0x08b1d800):  JavaThread "main" [_thread_in_Java, id=3445, stack(0xb7865000,0xb78b6000)]

siginfo:si_signo=SIGSEGV: si_errno=0, si_code=128 (), si_addr=0x00000000

Registers:
EAX=0xb313c130, EBX=0x00000002, ECX=0xb313ade8, EDX=0x00000002
ESP=0xb78a2f10, EBP=0x00000000, ESI=0x949007a8, EDI=0xb313c158
EIP=0xb49a310b, EFLAGS=0x00010293, CR2=0xb78c8000

Top of Stack: (sp=0xb78a2f10)
0xb78a2f10:   00000001 b313c0e0 b313c158 00000002
0xb78a2f20:   b313c130 b313c178 b78a2f28 8903bbe8
0xb78a2f30:   b78a2f58 8903e330 b313c158 b4c690c8
0xb78a2f40:   00000000 b78a2f54 b78a2f7c 00000078
0xb78a2f50:   b313c0e0 08b1d800 949006e8 00000098
0xb78a2f60:   b31a4360 b78a2f8c 89045f88 00000000
0xb78a2f70:   890458a8 00000000 b78a2fb0 b4867ee1
0xb78a2f80:   b4867ee1 b4867ee1 b4867ee1 b313c0e0 

Instructions: (pc=0xb49a310b)
0xb49a30eb:   e8 2e 04 00 00 8b dd 8b 7d 08 8b 47 20 8b 48 08
0xb49a30fb:   89 4f 38 eb 38 89 44 24 10 89 7c 24 08 66 66 90
0xb49a310b:   e8 3c 37 2d 00 8b 78 08 8b 54 24 10 8b 6a 08 0f
0xb49a311b:   b6 4d 3e 85 c9 74 13 81 ff cb 00 00 00 7c 0b 81 

Register to memory mapping:

EAX=0xb313c130 is an oop
org.codehaus.groovy.antlr.parser.GroovyLexer$1 
 - klass: 'org/codehaus/groovy/antlr/parser/GroovyLexer$1'
EBX=0x00000002 is an unknown value
ECX=0xb313ade8 is an oop
org.codehaus.groovy.antlr.parser.GroovyLexer 
 - klass: 'org/codehaus/groovy/antlr/parser/GroovyLexer'
EDX=0x00000002 is an unknown value
ESP=0xb78a2f10 is pointing into the stack for thread: 0x08b1d800
EBP=0x00000000 is an unknown value
ESI=0x949007a8 is an oop
[J 
 - klass: {type array long}
 - length: 8
EDI=0xb313c158 is an oop
groovyjarjarantlr.TokenBuffer 
 - klass: 'groovyjarjarantlr/TokenBuffer'


Stack: [0xb7865000,0xb78b6000],  sp=0xb78a2f10,  free space=247k
Native frames: (J=compiled Java code, j=interpreted, Vv=VM code, C=native code)
J  groovyjarjarantlr.TokenBuffer.fill(I)V

[error occurred during error reporting (printing native stack), id 0xb]


---------------  P R O C E S S  ---------------

Java Threads: ( => current thread )
  0x08bbf400 JavaThread "Low Memory Detector" daemon [_thread_blocked, id=3454, stack(0x87e29000,0x87e7a000)]
  0x08bbd800 JavaThread "C2 CompilerThread1" daemon [_thread_blocked, id=3453, stack(0x87c7f000,0x87d00000)]
  0x08bbb800 JavaThread "C2 CompilerThread0" daemon [_thread_blocked, id=3452, stack(0x87e7a000,0x87efb000)]
  0x08bba000 JavaThread "Signal Dispatcher" daemon [_thread_blocked, id=3451, stack(0x87efb000,0x87f4c000)]
  0x08baac00 JavaThread "Finalizer" daemon [_thread_blocked, id=3450, stack(0x8814c000,0x8819d000)]
  0x08ba6000 JavaThread "Reference Handler" daemon [_thread_blocked, id=3449, stack(0x8819d000,0x881ee000)]
=>0x08b1d800 JavaThread "main" [_thread_in_Java, id=3445, stack(0xb7865000,0xb78b6000)]

Other Threads:
  0x08ba2000 VMThread [stack: 0x881ee000,0x8826f000] [id=3448]
  0x08bc1000 WatcherThread [stack: 0x87bfe000,0x87c7f000] [id=3455]

VM state:not at safepoint (normal execution)

VM Mutex/Monitor currently owned by a thread: None

Heap
 PSYoungGen      total 163328K, used 161803K [0xa9d00000, 0xb47a0000, 0xb47a0000)
  eden space 155520K, 99% used [0xa9d00000,0xb3364d08,0xb34e0000)
  from space 7808K, 99% used [0xb34e0000,0xb3c7e010,0xb3c80000)
  to   space 10240K, 0% used [0xb3da0000,0xb3da0000,0xb47a0000)
 PSOldGen        total 37568K, used 15629K [0x947a0000, 0x96c50000, 0xa9d00000)
  object space 37568K, 41% used [0x947a0000,0x956e3478,0x96c50000)
 PSPermGen       total 19840K, used 19817K [0x887a0000, 0x89b00000, 0x947a0000)
  object space 19840K, 99% used [0x887a0000,0x89afa5f0,0x89b00000)

Code Cache  [0xb4865000, 0xb4c85000, 0xb7865000)
 total_blobs=1229 nmethods=860 adapters=322 free_code_cache=46080384 largest_free_block=39104

Dynamic libraries:
00110000-00117000 r-xp 00000000 08:06 2099124    /lib/i386-linux-gnu/librt-2.13.so
00117000-00118000 r--p 00006000 08:06 2099124    /lib/i386-linux-gnu/librt-2.13.so
00118000-00119000 rw-p 00007000 08:06 2099124    /lib/i386-linux-gnu/librt-2.13.so
0011e000-00120000 r-xp 00000000 08:06 2099169    /lib/i386-linux-gnu/libdl-2.13.so
00120000-00121000 r--p 00001000 08:06 2099169    /lib/i386-linux-gnu/libdl-2.13.so
00121000-00122000 rw-p 00002000 08:06 2099169    /lib/i386-linux-gnu/libdl-2.13.so
00122000-0027c000 r-xp 00000000 08:06 2099168    /lib/i386-linux-gnu/libc-2.13.so
0027c000-0027d000 ---p 0015a000 08:06 2099168    /lib/i386-linux-gnu/libc-2.13.so
0027d000-0027f000 r--p 0015a000 08:06 2099168    /lib/i386-linux-gnu/libc-2.13.so
0027f000-00280000 rw-p 0015c000 08:06 2099168    /lib/i386-linux-gnu/libc-2.13.so
00280000-00283000 rw-p 00000000 00:00 0 
00283000-0028d000 r-xp 00000000 08:06 2099125    /lib/i386-linux-gnu/libnss_files-2.13.so
0028d000-0028e000 r--p 00009000 08:06 2099125    /lib/i386-linux-gnu/libnss_files-2.13.so
0028e000-0028f000 rw-p 0000a000 08:06 2099125    /lib/i386-linux-gnu/libnss_files-2.13.so
0028f000-00295000 r-xp 00000000 08:06 3036520    /usr/lib/jvm/java-6-openjdk/jre/lib/i386/libzip.so
00295000-00296000 r--p 00005000 08:06 3036520    /usr/lib/jvm/java-6-openjdk/jre/lib/i386/libzip.so
00296000-00297000 rw-p 00006000 08:06 3036520    /usr/lib/jvm/java-6-openjdk/jre/lib/i386/libzip.so
00297000-002a8000 r-xp 00000000 08:06 2099122    /lib/i386-linux-gnu/libresolv-2.13.so
002a8000-002a9000 r--p 00010000 08:06 2099122    /lib/i386-linux-gnu/libresolv-2.13.so
002a9000-002aa000 rw-p 00011000 08:06 2099122    /lib/i386-linux-gnu/libresolv-2.13.so
002aa000-002ac000 rw-p 00000000 00:00 0 
00400000-00424000 r-xp 00000000 08:06 2099133    /lib/i386-linux-gnu/libm-2.13.so
00424000-00425000 r--p 00023000 08:06 2099133    /lib/i386-linux-gnu/libm-2.13.so
00425000-00426000 rw-p 00024000 08:06 2099133    /lib/i386-linux-gnu/libm-2.13.so
00438000-0044d000 r-xp 00000000 08:06 2099158    /lib/i386-linux-gnu/libpthread-2.13.so
0044d000-0044e000 r--p 00015000 08:06 2099158    /lib/i386-linux-gnu/libpthread-2.13.so
0044e000-0044f000 rw-p 00016000 08:06 2099158    /lib/i386-linux-gnu/libpthread-2.13.so
0044f000-00451000 rw-p 00000000 00:00 0 
0053e000-00551000 r-xp 00000000 08:06 2099152    /lib/i386-linux-gnu/libnsl-2.13.so
00551000-00552000 r--p 00012000 08:06 2099152    /lib/i386-linux-gnu/libnsl-2.13.so
00552000-00553000 rw-p 00013000 08:06 2099152    /lib/i386-linux-gnu/libnsl-2.13.so
00553000-00555000 rw-p 00000000 00:00 0 
005d7000-005fa000 r-xp 00000000 08:06 3036515    /usr/lib/jvm/java-6-openjdk/jre/lib/i386/libjava.so
005fa000-005fb000 r--p 00022000 08:06 3036515    /usr/lib/jvm/java-6-openjdk/jre/lib/i386/libjava.so
005fb000-005fd000 rw-p 00023000 08:06 3036515    /usr/lib/jvm/java-6-openjdk/jre/lib/i386/libjava.so
007b4000-007c7000 r-xp 00000000 08:06 2099144    /lib/i386-linux-gnu/libz.so.1.2.3.4
007c7000-007c8000 r--p 00012000 08:06 2099144    /lib/i386-linux-gnu/libz.so.1.2.3.4
007c8000-007c9000 rw-p 00013000 08:06 2099144    /lib/i386-linux-gnu/libz.so.1.2.3.4
00942000-00a21000 r-xp 00000000 08:06 3022893    /usr/lib/i386-linux-gnu/libstdc++.so.6.0.14
00a21000-00a25000 r--p 000de000 08:06 3022893    /usr/lib/i386-linux-gnu/libstdc++.so.6.0.14
00a25000-00a26000 rw-p 000e2000 08:06 3022893    /usr/lib/i386-linux-gnu/libstdc++.so.6.0.14
00a26000-00a2d000 rw-p 00000000 00:00 0 
00a4f000-00a55000 r-xp 00000000 08:06 2099163    /lib/i386-linux-gnu/libnss_compat-2.13.so
00a55000-00a56000 r--p 00005000 08:06 2099163    /lib/i386-linux-gnu/libnss_compat-2.13.so
00a56000-00a57000 rw-p 00006000 08:06 2099163    /lib/i386-linux-gnu/libnss_compat-2.13.so
00b23000-00b25000 r-xp 00000000 08:06 1973373    /lib/libnss_mdns4_minimal.so.2
00b25000-00b26000 r--p 00001000 08:06 1973373    /lib/libnss_mdns4_minimal.so.2
00b26000-00b27000 rw-p 00002000 08:06 1973373    /lib/libnss_mdns4_minimal.so.2
00b4e000-00b6a000 r-xp 00000000 08:06 2099106    /lib/i386-linux-gnu/ld-2.13.so
00b6a000-00b6b000 r--p 0001b000 08:06 2099106    /lib/i386-linux-gnu/ld-2.13.so
00b6b000-00b6c000 rw-p 0001c000 08:06 2099106    /lib/i386-linux-gnu/ld-2.13.so
00c22000-00c26000 r-xp 00000000 08:06 2099137    /lib/i386-linux-gnu/libnss_dns-2.13.so
00c26000-00c27000 r--p 00004000 08:06 2099137    /lib/i386-linux-gnu/libnss_dns-2.13.so
00c27000-00c28000 rw-p 00005000 08:06 2099137    /lib/i386-linux-gnu/libnss_dns-2.13.so
00cf6000-00cff000 r-xp 00000000 08:06 2099108    /lib/i386-linux-gnu/libnss_nis-2.13.so
00cff000-00d00000 r--p 00008000 08:06 2099108    /lib/i386-linux-gnu/libnss_nis-2.13.so
00d00000-00d01000 rw-p 00009000 08:06 2099108    /lib/i386-linux-gnu/libnss_nis-2.13.so
00d36000-00d50000 r-xp 00000000 08:06 2099220    /lib/i386-linux-gnu/libgcc_s.so.1
00d50000-00d51000 r--p 00019000 08:06 2099220    /lib/i386-linux-gnu/libgcc_s.so.1
00d51000-00d52000 rw-p 0001a000 08:06 2099220    /lib/i386-linux-gnu/libgcc_s.so.1
00db7000-00dca000 r-xp 00000000 08:06 3036551    /usr/lib/jvm/java-6-openjdk/jre/lib/i386/libnet.so
00dca000-00dcb000 r--p 00013000 08:06 3036551    /usr/lib/jvm/java-6-openjdk/jre/lib/i386/libnet.so
00dcb000-00dcc000 rw-p 00014000 08:06 3036551    /usr/lib/jvm/java-6-openjdk/jre/lib/i386/libnet.so
00dcd000-00dce000 r-xp 00000000 00:00 0          [vdso]
00f66000-00f71000 r-xp 00000000 08:06 3036543    /usr/lib/jvm/java-6-openjdk/jre/lib/i386/libverify.so
00f71000-00f72000 ---p 0000b000 08:06 3036543    /usr/lib/jvm/java-6-openjdk/jre/lib/i386/libverify.so
00f72000-00f73000 r--p 0000b000 08:06 3036543    /usr/lib/jvm/java-6-openjdk/jre/lib/i386/libverify.so
00f73000-00f74000 rw-p 0000c000 08:06 3036543    /usr/lib/jvm/java-6-openjdk/jre/lib/i386/libverify.so
00f7d000-00f80000 r-xp 00000000 08:06 3036524    /usr/lib/jvm/java-6-openjdk/jre/lib/i386/jli/libjli.so
00f80000-00f81000 r--p 00002000 08:06 3036524    /usr/lib/jvm/java-6-openjdk/jre/lib/i386/jli/libjli.so
00f81000-00f82000 rw-p 00003000 08:06 3036524    /usr/lib/jvm/java-6-openjdk/jre/lib/i386/jli/libjli.so
00f82000-01648000 r-xp 00000000 08:06 3036534    /usr/lib/jvm/java-6-openjdk/jre/lib/i386/server/libjvm.so
01648000-01649000 ---p 006c6000 08:06 3036534    /usr/lib/jvm/java-6-openjdk/jre/lib/i386/server/libjvm.so
01649000-0168e000 r--p 006c6000 08:06 3036534    /usr/lib/jvm/java-6-openjdk/jre/lib/i386/server/libjvm.so
0168e000-0169d000 rw-p 0070b000 08:06 3036534    /usr/lib/jvm/java-6-openjdk/jre/lib/i386/server/libjvm.so
0169d000-01ab7000 rw-p 00000000 00:00 0 
08048000-08051000 r-xp 00000000 08:06 3036484    /usr/lib/jvm/java-6-openjdk/jre/bin/java
08051000-08052000 r--p 00008000 08:06 3036484    /usr/lib/jvm/java-6-openjdk/jre/bin/java
08052000-08053000 rw-p 00009000 08:06 3036484    /usr/lib/jvm/java-6-openjdk/jre/bin/java
08b16000-0ceb2000 rw-p 00000000 00:00 0          [heap]
80b00000-80bfb000 rw-p 00000000 00:00 0 
80bfb000-80c00000 ---p 00000000 00:00 0 
80d00000-80df0000 rw-p 00000000 00:00 0 
80df0000-80e00000 ---p 00000000 00:00 0 
80f00000-81100000 rw-p 00000000 00:00 0 
81100000-81300000 rw-p 00000000 00:00 0 
81300000-81500000 rw-p 00000000 00:00 0 
81500000-81700000 rw-p 00000000 00:00 0 
81700000-81900000 rw-p 00000000 00:00 0 
81900000-81b00000 rw-p 00000000 00:00 0 
81b00000-81c00000 rw-p 00000000 00:00 0 
81ce6000-81ced000 r--s 00053000 08:06 1189166    /home/twu/.ivy2/cache/com.sun.jmx/jmxri/jars/jmxri-1.2.1.jar
81ced000-81cef000 r--s 00017000 08:06 1189164    /home/twu/.ivy2/cache/com.sun.jdmk/jmxtools/jars/jmxtools-1.2.1.jar
81cef000-81cf1000 r--s 00005000 08:06 1189162    /home/twu/.ivy2/cache/javax.jms/jms/jars/jms-1.1.jar
81cf1000-81cf2000 r--s 0000b000 08:06 1056921    /home/twu/.grails/1.3.7/projects/FrontlineSMS-Legal/plugins/tomcat-1.3.7/lib/catalina-ant.jar
81cf2000-81cf4000 r--s 0000d000 08:06 1056893    /home/twu/.grails/1.3.7/projects/FrontlineSMS-Legal/plugins/tomcat-1.3.7/lib/tomcat-juli.jar
81cf4000-81d00000 r--s 00149000 08:06 1056911    /home/twu/.grails/1.3.7/projects/FrontlineSMS-Legal/plugins/tomcat-1.3.7/lib/jasper-jdt.jar
81d00000-81dfb000 rw-p 00000000 00:00 0 
81dfb000-81e00000 ---p 00000000 00:00 0 
81e00000-81efb000 rw-p 00000000 00:00 0 
81efb000-81f00000 ---p 00000000 00:00 0 
81f00000-81fe4000 rw-p 00000000 00:00 0 
81fe4000-82000000 ---p 00000000 00:00 0 
82000000-820fc000 rw-p 00000000 00:00 0 
820fc000-82100000 ---p 00000000 00:00 0 
82100000-821fb000 rw-p 00000000 00:00 0 
821fb000-82200000 ---p 00000000 00:00 0 
82200000-822f1000 rw-p 00000000 00:00 0 
822f1000-82300000 ---p 00000000 00:00 0 
82300000-823f1000 rw-p 00000000 00:00 0 
823f1000-82400000 ---p 00000000 00:00 0 
82400000-82500000 rw-p 00000000 00:00 0 
82500000-82700000 rw-p 00000000 00:00 0 
82700000-82900000 rw-p 00000000 00:00 0 
82900000-82b00000 rw-p 00000000 00:00 0 
82b00000-82d00000 rw-p 00000000 00:00 0 
82d00000-82f00000 rw-p 00000000 00:00 0 
82f00000-83100000 rw-p 00000000 00:00 0 
83100000-83300000 rw-p 00000000 00:00 0 
83300000-83500000 rw-p 00000000 00:00 0 
83500000-83700000 rw-p 00000000 00:00 0 
83700000-83900000 rw-p 00000000 00:00 0 
83900000-83b00000 rw-p 00000000 00:00 0 
83b00000-83d00000 rw-p 00000000 00:00 0 
83d00000-83f00000 rw-p 00000000 00:00 0 
83f00000-84100000 rw-p 00000000 00:00 0 
84100000-84300000 rw-p 00000000 00:00 0 
84300000-84500000 rw-p 00000000 00:00 0 
84500000-84600000 rw-p 00000000 00:00 0 
84601000-84608000 r--s 00059000 08:06 1056661    /home/twu/.ivy2/cache/log4j/log4j/jars/log4j-1.2.15.jar
84608000-8460b000 r--s 00018000 08:06 1055477    /home/twu/.ivy2/cache/commons-io/commons-io/jars/commons-io-1.4.jar
8460b000-84626000 r--s 001d5000 08:06 1056909    /home/twu/.grails/1.3.7/projects/FrontlineSMS-Legal/plugins/tomcat-1.3.7/lib/tomcat-core.jar
84626000-84627000 r--s 00000000 08:06 1056919    /home/twu/.grails/1.3.7/projects/FrontlineSMS-Legal/plugins/tomcat-1.3.7/lib/grails-tomcat-plugin-1.0.jar
84627000-8462b000 r--s 0002d000 08:06 1056896    /home/twu/.grails/1.3.7/projects/FrontlineSMS-Legal/plugins/tomcat-1.3.7/lib/tomcat-dbcp.jar
8462b000-8462c000 r--s 00005000 08:06 1056895    /home/twu/.grails/1.3.7/projects/FrontlineSMS-Legal/plugins/tomcat-1.3.7/lib/tomcat-juli-adapters.jar
8462c000-84637000 r--s 0009e000 08:06 1056907    /home/twu/.grails/1.3.7/projects/FrontlineSMS-Legal/plugins/tomcat-1.3.7/lib/tomcat-jasper.jar
84637000-8463e000 r--s 00060000 08:06 1188386    /home/twu/.grails/1.3.7/projects/FrontlineSMS-Legal/plugins/quartz-0.4.2/lib/quartz-1.7.3.jar
8463e000-84654000 r--s 00259000 08:06 1056942    /home/twu/.grails/1.3.7/projects/FrontlineSMS-Legal/plugins/codenarc-0.10/lib/CodeNarc-0.13.jar
84654000-84655000 r--s 00003000 08:06 1056332    /home/twu/.grails/1.3.7/projects/FrontlineSMS-Legal/plugins/csv-0.3/lib/opencsv-2.3.jar
84655000-84657000 r--s 0000a000 08:06 1056623    /home/twu/.ivy2/cache/org.apache.camel/camel-test/bundles/camel-test-2.5.0.jar
84657000-84659000 r--s 00011000 08:06 1189160    /home/twu/.ivy2/cache/org.spockframework/spock-grails-support/jars/spock-grails-support-0.5-groovy-1.7.jar
84659000-8465b000 r--s 00009000 08:06 1055721    /home/twu/.ivy2/cache/org.hamcrest/hamcrest-core/jars/hamcrest-core-1.2.jar
8465b000-84661000 r--s 00030000 08:06 1055719    /home/twu/.ivy2/cache/junit/junit-dep/jars/junit-dep-4.8.2.jar
84661000-8466b000 r--s 0005e000 08:06 1055711    /home/twu/.ivy2/cache/org.spockframework/spock-core/jars/spock-core-0.5-groovy-1.7.jar
8466b000-8466e000 r--s 000cf000 08:06 1055717    /home/twu/.ivy2/cache/net.java.dev.jna/jna/jars/jna-3.2.3.jar
8466e000-8466f000 r--s 000ed000 08:06 1055709    /home/twu/.ivy2/cache/org.seleniumhq.selenium/selenium-ie-driver/jars/selenium-ie-driver-2.4.0.jar
8466f000-84672000 r--s 00024000 08:06 1055695    /home/twu/.ivy2/cache/commons-io/commons-io/jars/commons-io-2.0.1.jar
84672000-84674000 r--s 00112000 08:06 1057233    /home/twu/.ivy2/cache/org.seleniumhq.selenium/selenium-firefox-driver/jars/selenium-firefox-driver-2.4.0.jar
84674000-84679000 r--s 00026000 08:06 1055703    /home/twu/.ivy2/cache/org.apache.httpcomponents/httpcore/jars/httpcore-4.0.1.jar
84679000-84680000 r--s 00041000 08:06 1055699    /home/twu/.ivy2/cache/org.apache.httpcomponents/httpclient/jars/httpclient-4.0.2.jar
84680000-84698000 r--s 00100000 08:06 1055701    /home/twu/.ivy2/cache/com.google.guava/guava/jars/guava-r09.jar
84698000-8469c000 r--s 00015000 08:06 1055715    /home/twu/.ivy2/cache/org.seleniumhq.selenium/selenium-api/jars/selenium-api-2.4.0.jar
8469c000-8469e000 r--s 00008000 08:06 1055697    /home/twu/.ivy2/cache/org.json/json/jars/json-20080701.jar
8469e000-846a2000 r--s 0002c000 08:06 1055713    /home/twu/.ivy2/cache/org.seleniumhq.selenium/selenium-remote-driver/jars/selenium-remote-driver-2.4.0.jar
846a2000-846a3000 r--s 00002000 08:06 1055707    /home/twu/.ivy2/cache/org.seleniumhq.selenium/selenium-chrome-driver/jars/selenium-chrome-driver-2.4.0.jar
846a3000-846a4000 r--s 00002000 08:06 1055694    /home/twu/.ivy2/cache/org.codehaus.geb/geb-spock/jars/geb-spock-0.6.0.jar
846a4000-846a8000 r--s 0005f000 08:06 1055690    /home/twu/.ivy2/cache/org.codehaus.geb/geb-core/jars/geb-core-0.6.0.jar
846a8000-846ae000 r--s 0006d000 08:06 1055555    /home/twu/.ivy2/cache/org.grails/grails-test/jars/grails-test-1.3.7.jar
846ae000-846af000 r--s 00006000 08:06 1056663    /home/twu/.ivy2/cache/javax.comm/comm/jars/comm-2.0.3.jar
846af000-846b1000 r--s 0000d000 08:06 1056621    /home/twu/.ivy2/cache/org.rxtx/rxtx/jars/rxtx-2.1.7.jar
846b1000-846b2000 r--s 00002000 08:06 929661     /home/twu/.ivy2/cache/org.apache.ant/ant-launcher/jars/ant-launcher-1.7.0.jar
846b2000-846c5000 r--s 00128000 08:06 929660     /home/twu/.ivy2/cache/org.apache.ant/ant/jars/ant-1.7.0.jar
846c5000-846c7000 r--s 00004000 08:06 1188528    /home/twu/.ivy2/cache/asm/asm-tree/jars/asm-tree-3.0.jar
846c7000-846c9000 r--s 00009000 08:06 1188526    /home/twu/.ivy2/cache/asm/asm/jars/asm-3.0.jar
846c9000-846ce000 r--s 0006a000 08:06 1188524    /home/twu/.ivy2/cache/net.sourceforge.cobertura/cobertura/jars/cobertura-1.9.4.1.jar
846ce000-846cf000 r--s 00001000 08:06 1056804    /home/twu/.ivy2/cache/org.hibernate/hibernate-ehcache/jars/hibernate-ehcache-3.3.1.GA.jar
846cf000-846d4000 r--s 00048000 08:06 1188682    /home/twu/.ivy2/cache/dom4j/dom4j/jars/dom4j-1.6.1.jar
846d4000-846da000 r--s 00067000 08:06 1188680    /home/twu/.ivy2/cache/antlr/antlr/jars/antlr-2.7.6.jar
846da000-846e2000 r--s 0008e000 08:06 1188678    /home/twu/.ivy2/cache/javassist/javassist/jars/javassist-3.11.0.GA.jar
846e2000-846e5000 r--s 0000d000 08:06 1056802    /home/twu/.ivy2/cache/org.hibernate/hibernate-validator/jars/hibernate-validator-3.1.0.GA.jar
846e5000-846e6000 r--s 00005000 08:06 1056986    /home/twu/.ivy2/cache/org.apache.camel/camel-stream/bundles/camel-stream-2.5.0.jar
846e6000-846e8000 r--s 00004000 08:06 1056984    /home/twu/.ivy2/cache/org.apache.camel/camel-groovy/bundles/camel-groovy-2.5.0.jar
846e8000-846ea000 r--s 00005000 08:06 1055551    /home/twu/.ivy2/cache/xpp3/xpp3_min/jars/xpp3_min-1.1.3.4.O.jar
846ea000-846f3000 r--s 00058000 08:06 1055549    /home/twu/.ivy2/cache/apache-taglibs/standard/jars/standard-1.1.2.jar
846f3000-846f5000 r--s 00000000 08:06 1055547    /home/twu/.ivy2/cache/org.slf4j/jul-to-slf4j/jars/jul-to-slf4j-1.5.8.jar
846f5000-846f7000 r--s 00003000 08:06 1055545    /home/twu/.ivy2/cache/org.slf4j/jcl-over-slf4j/jars/jcl-over-slf4j-1.5.8.jar
846f7000-84700000 r--s 0006d000 08:06 1055543    /home/twu/.ivy2/cache/log4j/log4j/jars/log4j-1.2.16.jar
84700000-847ff000 rw-p 00000000 00:00 0 
847ff000-84800000 ---p 00000000 00:00 0 
84801000-84802000 r--p 00000000 00:00 0 
84802000-84808000 r--s 0003d000 08:06 1055541    /home/twu/.ivy2/cache/net.sf.ehcache/ehcache-core/jars/ehcache-core-1.7.1.jar
84808000-84811000 r--s 000a4000 08:06 1055539    /home/twu/.ivy2/cache/hsqldb/hsqldb/jars/hsqldb-1.8.0.10.jar
84811000-84814000 r--s 00016000 08:06 1055537    /home/twu/.ivy2/cache/commons-pool/commons-pool/jars/commons-pool-1.5.5.jar
84814000-84817000 r--s 00022000 08:06 1055535    /home/twu/.ivy2/cache/commons-dbcp/commons-dbcp/jars/commons-dbcp-1.3.jar
84817000-84819000 r--s 00004000 08:06 929631     /home/twu/.ivy2/cache/javax.servlet/jstl/jars/jstl-1.1.2.jar
84819000-8481b000 r--s 0000e000 08:06 1055533    /home/twu/.ivy2/cache/oro/oro/jars/oro-2.0.8.jar
8481b000-8481e000 r--s 0000c000 08:06 1055531    /home/twu/.ivy2/cache/commons-fileupload/commons-fileupload/jars/commons-fileupload-1.2.1.jar
8481e000-84825000 r--s 00049000 08:06 1055529    /home/twu/.ivy2/cache/cglib/cglib-nodep/jars/cglib-nodep-2.1_3.jar
84825000-8482a000 r--s 00018000 08:06 1055527    /home/twu/.ivy2/cache/org.aspectj/aspectjrt/jars/aspectjrt-1.6.8.jar
8482a000-84840000 r--s 00178000 08:06 1055525    /home/twu/.ivy2/cache/org.aspectj/aspectjweaver/jars/aspectjweaver-1.6.8.jar
84840000-84842000 r--s 00003000 08:06 1056581    /home/twu/.ivy2/cache/net.frontlinesms.core/serial/jars/serial-1.0.1-SNAPSHOT.jar
84842000-84844000 r--s 0000e000 08:06 1056619    /home/twu/.ivy2/cache/javax.activation/activation/jars/activation-1.1.jar
84844000-8484b000 r--s 0006a000 08:06 1056603    /home/twu/.ivy2/cache/javax.mail/mail/jars/mail-1.4.3.jar
8484b000-8484e000 r--s 00016000 08:06 1056601    /home/twu/.ivy2/cache/org.springframework/spring-context-support/jars/spring-context-support-3.0.4.RELEASE.jar
8484e000-84855000 r--s 00032000 08:06 1056609    /home/twu/.ivy2/cache/org.springframework/spring-tx/jars/spring-tx-3.0.4.RELEASE.jar
84855000-84859000 r--s 00025000 08:06 1056615    /home/twu/.ivy2/cache/org.springframework/spring-expression/jars/spring-expression-3.0.4.RELEASE.jar
84859000-84862000 r--s 00051000 08:06 1056613    /home/twu/.ivy2/cache/org.springframework/spring-core/jars/spring-core-3.0.4.RELEASE.jar
84862000-8486d000 r--s 0007d000 08:06 1056611    /home/twu/.ivy2/cache/org.springframework/spring-beans/jars/spring-beans-3.0.4.RELEASE.jar
8486d000-8486e000 r--s 0000c000 08:06 1056617    /home/twu/.ivy2/cache/org.springframework/spring-asm/jars/spring-asm-3.0.4.RELEASE.jar
8486e000-84877000 r--s 00046000 08:06 1056607    /home/twu/.ivy2/cache/org.springframework/spring-aop/jars/spring-aop-3.0.4.RELEASE.jar
84877000-84888000 r--s 00092000 08:06 1056605    /home/twu/.ivy2/cache/org.springframework/spring-context/jars/spring-context-3.0.4.RELEASE.jar
84888000-8488a000 r--s 0000b000 08:06 1056579    /home/twu/.ivy2/cache/org.apache.camel/camel-mail/bundles/camel-mail-2.5.0.jar
8488a000-8488d000 r--s 0001b000 08:06 1056593    /home/twu/.ivy2/cache/net.frontlinesms.core/smslib/jars/smslib-1.1.0-SNAPSHOT.jar
8488d000-84892000 r--s 00028000 08:06 1056589    /home/twu/.ivy2/cache/org.springframework/spring-test/jars/spring-test-2.5.6.jar
84892000-848af000 r--s 0013e000 08:06 1056587    /home/twu/.ivy2/cache/org.mockito/mockito-all/jars/mockito-all-1.8.5.jar
848af000-848b2000 ---p 00000000 00:00 0 
848b2000-84900000 rw-p 00000000 00:00 0 
84900000-849fb000 rw-p 00000000 00:00 0 
849fb000-84a00000 ---p 00000000 00:00 0 
84a00000-84af4000 rw-p 00000000 00:00 0 
84af4000-84b00000 ---p 00000000 00:00 0 
84b00000-84bfd000 rw-p 00000000 00:00 0 
84bfd000-84c00000 ---p 00000000 00:00 0 
84c00000-84c01000 r--s 00003000 08:06 1056577    /home/twu/.ivy2/cache/net.frontlinesms.core/camel-smslib/jars/camel-smslib-0.0.2-SNAPSHOT.jar
84c01000-84c03000 r--s 0000d000 08:06 1055705    /home/twu/.ivy2/cache/commons-logging/commons-logging/jars/commons-logging-1.1.1.jar
84c03000-84c0c000 r--s 0005e000 08:06 1055523    /home/twu/.ivy2/cache/org.springframework/org.springframework.web.servlet/jars/org.springframework.web.servlet-3.0.5.RELEASE.jar
84c0c000-84c16000 r--s 00057000 08:06 1055521    /home/twu/.ivy2/cache/org.springframework/org.springframework.web/jars/org.springframework.web-3.0.5.RELEASE.jar
84c16000-84c1d000 r--s 00032000 08:06 1055519    /home/twu/.ivy2/cache/org.springframework/org.springframework.transaction/jars/org.springframework.transaction-3.0.5.RELEASE.jar
84c1d000-84c1f000 r--s 0000d000 08:06 1055517    /home/twu/.ivy2/cache/org.springframework/org.springframework.oxm/jars/org.springframework.oxm-3.0.5.RELEASE.jar
84c1f000-84c27000 r--s 0004a000 08:06 1055515    /home/twu/.ivy2/cache/org.springframework/org.springframework.orm/jars/org.springframework.orm-3.0.5.RELEASE.jar
84c27000-84c2c000 r--s 00029000 08:06 1055513    /home/twu/.ivy2/cache/org.springframework/org.springframework.jms/jars/org.springframework.jms-3.0.5.RELEASE.jar
84c2c000-84c36000 r--s 00055000 08:06 1055511    /home/twu/.ivy2/cache/org.springframework/org.springframework.jdbc/jars/org.springframework.jdbc-3.0.5.RELEASE.jar
84c36000-84c37000 r--s 00000000 08:06 1055509    /home/twu/.ivy2/cache/org.springframework/org.springframework.instrument/jars/org.springframework.instrument-3.0.5.RELEASE.jar
84c37000-84c3b000 r--s 00026000 08:06 1055507    /home/twu/.ivy2/cache/org.springframework/org.springframework.expression/jars/org.springframework.expression-3.0.5.RELEASE.jar
84c3b000-84c3e000 r--s 00016000 08:06 1055505    /home/twu/.ivy2/cache/org.springframework/org.springframework.context.support/jars/org.springframework.context.support-3.0.5.RELEASE.jar
84c3e000-84c50000 r--s 00092000 08:06 1055503    /home/twu/.ivy2/cache/org.springframework/org.springframework.context/jars/org.springframework.context-3.0.5.RELEASE.jar
84c50000-84c5c000 r--s 0007c000 08:06 1055501    /home/twu/.ivy2/cache/org.springframework/org.springframework.beans/jars/org.springframework.beans-3.0.5.RELEASE.jar
84c5c000-84c5d000 r--s 0000c000 08:06 1055499    /home/twu/.ivy2/cache/org.springframework/org.springframework.asm/jars/org.springframework.asm-3.0.5.RELEASE.jar
84c5d000-84c5f000 r--s 00007000 08:06 1055497    /home/twu/.ivy2/cache/org.springframework/org.springframework.aspects/jars/org.springframework.aspects-3.0.5.RELEASE.jar
84c5f000-84c68000 r--s 00046000 08:06 1055495    /home/twu/.ivy2/cache/org.springframework/org.springframework.aop/jars/org.springframework.aop-3.0.5.RELEASE.jar
84c68000-84c71000 r--s 00055000 08:06 1055493    /home/twu/.ivy2/cache/org.springframework/org.springframework.core/jars/org.springframework.core-3.0.5.RELEASE.jar
84c71000-84c73000 r--s 0000d000 08:06 1055491    /home/twu/.ivy2/cache/org.grails/grails-spring/jars/grails-spring-1.3.7.jar
84c73000-84c7e000 r--s 0008a000 08:06 1055489    /home/twu/.ivy2/cache/org.grails/grails-gorm/jars/grails-gorm-1.3.7.jar
84c7e000-84c80000 r--s 0000d000 08:06 1055487    /home/twu/.ivy2/cache/org.grails/grails-crud/jars/grails-crud-1.3.7.jar
84c80000-84c86000 r--s 00027000 08:06 1055485    /home/twu/.ivy2/cache/opensymphony/sitemesh/jars/sitemesh-2.4.jar
84c86000-84c89000 r--s 0000a000 08:06 1055483    /home/twu/.ivy2/cache/org.hibernate/ejb3-persistence/jars/ejb3-persistence-1.0.2.GA.jar
84c89000-84c8b000 r--s 00002000 08:06 1055481    /home/twu/.ivy2/cache/javax.transaction/jta/jars/jta-1.1.jar
84c8b000-84c8f000 r--s 0003c000 08:06 1055479    /home/twu/.ivy2/cache/commons-lang/commons-lang/jars/commons-lang-2.4.jar
84c8f000-84c9d000 r--s 0007f000 08:06 1055475    /home/twu/.ivy2/cache/commons-collections/commons-collections/jars/commons-collections-3.2.1.jar
84c9d000-84c9f000 r--s 0000d000 08:06 1055473    /home/twu/.ivy2/cache/commons-codec/commons-codec/jars/commons-codec-1.4.jar
84c9f000-84ca1000 r--s 00000000 08:06 1055471    /home/twu/.ivy2/cache/aopalliance/aopalliance/jars/aopalliance-1.0.jar
84ca1000-84ca4000 r--s 0001f000 08:06 1055469    /home/twu/.ivy2/cache/commons-validator/commons-validator/jars/commons-validator-1.3.1.jar
84ca4000-84ca7000 r--s 00019000 08:06 1055467    /home/twu/.ivy2/cache/commons-el/commons-el/jars/commons-el-1.0.jar
84ca7000-84cac000 r--s 00034000 08:06 1055465    /home/twu/.ivy2/cache/commons-beanutils/commons-beanutils/jars/commons-beanutils-1.8.0.jar
84cac000-84d00000 r--s 00516000 08:06 1055463    /home/twu/.ivy2/cache/org.codehaus.groovy/groovy-all/jars/groovy-all-1.7.8.jar
84d00000-84df7000 rw-p 00000000 00:00 0 
84df7000-84e00000 ---p 00000000 00:00 0 
84e00000-84ef6000 rw-p 00000000 00:00 0 
84ef6000-84f00000 ---p 00000000 00:00 0 
84f00000-84f06000 r--s 00034000 08:06 1055553    /home/twu/.ivy2/cache/junit/junit/jars/junit-4.8.1.jar
84f06000-84f08000 r--s 00001000 08:06 1056583    /home/twu/.ivy2/cache/net.frontlinesms.test/serial-test/jars/serial-test-0.0.2-SNAPSHOT.jar
84f08000-84f0d000 r--s 00040000 08:06 1056800    /home/twu/.ivy2/cache/org.hibernate/hibernate-annotations/jars/hibernate-annotations-3.4.0.GA.jar
84f0d000-84f10000 ---p 00000000 00:00 0 
84f10000-84f5e000 rw-p 00000000 00:00 0 
84f5e000-84f61000 ---p 00000000 00:00 0 
84f61000-84faf000 rw-p 00000000 00:00 0 
84faf000-84fb2000 ---p 00000000 00:00 0 
84fb2000-85000000 rw-p 00000000 00:00 0 
85000000-850b8000 rw-p 00000000 00:00 0 
850b8000-85100000 ---p 00000000 00:00 0 
85100000-851fc000 rw-p 00000000 00:00 0 
851fc000-85200000 ---p 00000000 00:00 0 
85200000-85400000 rw-p 00000000 00:00 0 
85400000-85600000 rw-p 00000000 00:00 0 
85600000-85800000 rw-p 00000000 00:00 0 
85800000-858ed000 rw-p 00000000 00:00 0 
858ed000-85900000 ---p 00000000 00:00 0 
85900000-859f3000 rw-p 00000000 00:00 0 
859f3000-85a00000 ---p 00000000 00:00 0 
85a00000-85c00000 rw-p 00000000 00:00 0 
85c00000-85e00000 rw-p 00000000 00:00 0 
85e00000-85efb000 rw-p 00000000 00:00 0 
85efb000-85f00000 ---p 00000000 00:00 0 
85f00000-85fff000 rw-p 00000000 00:00 0 
85fff000-86000000 ---p 00000000 00:00 0 
86000000-860fe000 rw-p 00000000 00:00 0 
860fe000-86100000 ---p 00000000 00:00 0 
86100000-861e0000 rw-p 00000000 00:00 0 
861e0000-86200000 ---p 00000000 00:00 0 
86200000-863fd000 rw-p 00000000 00:00 0 
863fd000-86400000 ---p 00000000 00:00 0 
86400000-865fa000 rw-p 00000000 00:00 0 
865fa000-86600000 ---p 00000000 00:00 0 
86600000-86800000 rw-p 00000000 00:00 0 
86800000-868fd000 rw-p 00000000 00:00 0 
868fd000-86900000 ---p 00000000 00:00 0 
86900000-86a00000 rw-p 00000000 00:00 0 
86a00000-86c00000 rw-p 00000000 00:00 0 
86c00000-86cf9000 rw-p 00000000 00:00 0 
86cf9000-86d00000 ---p 00000000 00:00 0 
86d00000-86dfe000 rw-p 00000000 00:00 0 
86dfe000-86e00000 ---p 00000000 00:00 0 
86e00000-86eff000 rw-p 00000000 00:00 0 
86eff000-86f00000 ---p 00000000 00:00 0 
86f00000-86ffa000 rw-p 00000000 00:00 0 
86ffa000-87000000 ---p 00000000 00:00 0 
87000000-87200000 rw-p 00000000 00:00 0 
87200000-87400000 rw-p 00000000 00:00 0 
87400000-87600000 rw-p 00000000 00:00 0 
87600000-87700000 rw-p 00000000 00:00 0 
87700000-87701000 r--s 00001000 08:06 1056585    /home/twu/.ivy2/cache/net.frontlinesms/frontlinesms-test/jars/frontlinesms-test-0.01.01.jar
87701000-87702000 r--s 00002000 08:06 1056575    /home/twu/.ivy2/cache/net.frontlinesms.test/hayescommandset-test/jars/hayescommandset-test-0.0.2-SNAPSHOT.jar
87702000-87705000 r--s 0000e000 08:06 1056798    /home/twu/.ivy2/cache/org.hibernate/hibernate-commons-annotations/jars/hibernate-commons-annotations-3.1.0.GA.jar
87705000-87731000 r--s 00278000 08:06 1056796    /home/twu/.ivy2/cache/org.hibernate/hibernate-core/jars/hibernate-core-3.3.1.GA.jar
87731000-87734000 r--s 00016000 08:06 929618     /home/twu/.ivy2/cache/javax.servlet/jsp-api/jars/jsp-api-2.1.jar
87734000-87737000 r--s 0001e000 08:06 929616     /home/twu/.ivy2/cache/javax.servlet/servlet-api/jars/servlet-api-2.5.jar
87737000-8773c000 r--s 00029000 08:06 1056599    /home/twu/.ivy2/cache/org.apache.camel/camel-spring/bundles/camel-spring-2.5.0.jar
8773c000-8773d000 r--s 00003000 08:06 1056597    /home/twu/.ivy2/cache/org.fusesource.commonman/commons-management/bundles/commons-management-1.0.jar
8773d000-8773e000 r--s 0000a000 08:06 1056595    /home/twu/.ivy2/cache/commons-logging/commons-logging-api/jars/commons-logging-api-1.1.jar
8773e000-8775d000 r--s 00166000 08:06 1056591    /home/twu/.ivy2/cache/org.apache.camel/camel-core/bundles/camel-core-2.5.0.jar
8775d000-8775f000 r--s 00008000 08:06 929604     /home/twu/.ivy2/cache/com.googlecode.concurrentlinkedhashmap/concurrentlinkedhashmap-lru/jars/concurrentlinkedhashmap-lru-1.0_jdk5.jar
8775f000-87765000 r--s 0002d000 08:06 929602     /home/twu/.ivy2/cache/org.springframework/org.springframework.test/jars/org.springframework.test-3.0.5.RELEASE.jar
87765000-87766000 r--s 00002000 08:06 929600     /home/twu/.ivy2/cache/org.slf4j/slf4j-log4j12/jars/slf4j-log4j12-1.5.8.jar
87766000-87780000 r--s 001a7000 08:06 929596     /home/twu/.ivy2/cache/org.grails/grails-web/jars/grails-web-1.3.7.jar
87780000-87782000 r--s 00031000 08:06 929594     /home/twu/.ivy2/cache/org.grails/grails-resources/jars/grails-resources-1.3.7.jar
87782000-87791000 r--s 000c8000 08:06 929592     /home/twu/.ivy2/cache/org.grails/grails-core/jars/grails-core-1.3.7.jar
87791000-8779d000 r--s 0012d000 08:06 929590     /home/twu/.ivy2/cache/org.grails/grails-scripts/jars/grails-scripts-1.3.7.jar
8779d000-877a1000 r--s 00045000 08:06 929588     /home/twu/.ivy2/cache/org.grails/grails-bootstrap/jars/grails-bootstrap-1.3.7.jar
877a1000-877a4000 r--s 00033000 08:06 929586     /home/twu/.ivy2/cache/org.grails/grails-docs/jars/grails-docs-1.3.7.jar
877a4000-877a7000 r--s 00041000 08:06 929584     /home/twu/.ivy2/cache/xalan/serializer/jars/serializer-2.7.1.jar
877a7000-877af000 r--s 00062000 08:06 929576     /home/twu/.ivy2/cache/org.apache.ant/ant-nodeps/jars/ant-nodeps-1.7.1.jar
877af000-877b2000 ---p 00000000 00:00 0 
877b2000-87800000 rw-p 00000000 00:00 0 
87800000-878f8000 rw-p 00000000 00:00 0 
878f8000-87900000 ---p 00000000 00:00 0 
87900000-87a00000 rw-p 00000000 00:00 0 
87a00000-87afc000 rw-p 00000000 00:00 0 
87afc000-87b00000 ---p 00000000 00:00 0 
87b00000-87b01000 r--s 00005000 08:06 929598     /home/twu/.ivy2/cache/org.slf4j/slf4j-api/jars/slf4j-api-1.5.8.jar
87b01000-87b03000 r--s 00008000 08:06 929582     /home/twu/.ivy2/cache/org.fusesource.jansi/jansi/jars/jansi-1.2.1.jar
87b03000-87b05000 r--s 00014000 08:06 929580     /home/twu/.ivy2/cache/jline/jline/jars/jline-0.9.94.jar
87b05000-87b06000 r--s 00001000 08:06 929578     /home/twu/.ivy2/cache/org.apache.ant/ant-trax/jars/ant-trax-1.7.1.jar
87b06000-87b1a000 r--s 0012f000 08:06 929570     /home/twu/.ivy2/cache/org.apache.ant/ant/jars/ant-1.7.1.jar
87b1a000-87b30000 r--s 001b3000 08:06 929568     /home/twu/.ivy2/cache/org.tmatesoft.svnkit/svnkit/jars/svnkit-1.3.1.jar
87b30000-87b37000 r--s 0005a000 08:06 929566     /home/twu/.ivy2/cache/org.codehaus.gpars/gpars/jars/gpars-0.9.jar
87b37000-87b96000 r--s 00d91000 08:06 3036767    /usr/lib/jvm/java-6-openjdk/lib/tools.jar
87b96000-87baa000 r--s 0012f000 08:06 3171696    /usr/share/grails/1.3.7/lib/ant-1.7.1.jar
87baa000-87bfe000 r--s 00516000 08:06 3171640    /usr/share/grails/1.3.7/lib/groovy-all-1.7.8.jar
87bfe000-87bff000 ---p 00000000 00:00 0 
87bff000-87c7f000 rw-p 00000000 00:00 0 
87c7f000-87c82000 ---p 00000000 00:00 0 
87c82000-87d00000 rw-p 00000000 00:00 0 
87d00000-87df9000 rw-p 00000000 00:00 0 
87df9000-87e00000 ---p 00000000 00:00 0 
87e00000-87e02000 r--s 00015000 08:06 929574     /home/twu/.ivy2/cache/org.apache.ant/ant-junit/jars/ant-junit-1.7.1.jar
87e02000-87e07000 r--s 00049000 08:06 3171654    /usr/share/grails/1.3.7/lib/gant_groovy1.7-1.9.2.jar
87e07000-87e16000 r--s 000d9000 08:06 3171668    /usr/share/grails/1.3.7/lib/ivy-2.2.0.jar
87e16000-87e1d000 r--s 0005a000 08:06 3171689    /usr/share/grails/1.3.7/lib/gpars-0.9.jar
87e1d000-87e21000 r--s 0007c000 08:06 3035970    /usr/lib/jvm/java-6-openjdk/jre/lib/jsse.jar
87e21000-87e29000 r--s 00066000 08:06 536442     /usr/share/java/gnome-java-bridge.jar
87e29000-87e2c000 ---p 00000000 00:00 0 
87e2c000-87e7a000 rw-p 00000000 00:00 0 
87e7a000-87e7d000 ---p 00000000 00:00 0 
87e7d000-87efb000 rw-p 00000000 00:00 0 
87efb000-87efe000 ---p 00000000 00:00 0 
87efe000-87f4c000 rw-p 00000000 00:00 0 
87f4c000-8814c000 r--p 00000000 08:06 2893550    /usr/lib/locale/locale-archive
8814c000-8814f000 ---p 00000000 00:00 0 
8814f000-8819d000 rw-p 00000000 00:00 0 
8819d000-881a0000 ---p 00000000 00:00 0 
881a0000-881ee000 rw-p 00000000 00:00 0 
881ee000-881ef000 ---p 00000000 00:00 0 
881ef000-882a2000 rw-p 00000000 00:00 0 
882a2000-88432000 r--s 037af000 08:06 3036556    /usr/lib/jvm/java-6-openjdk/jre/lib/rt.jar
88432000-88433000 ---p 00000000 00:00 0 
88433000-884b3000 rw-p 00000000 00:00 0 
884b3000-884b4000 ---p 00000000 00:00 0 
884b4000-8853e000 rw-p 00000000 00:00 0 
8853e000-88594000 rw-p 00000000 00:00 0 
88594000-885a7000 rw-p 00000000 00:00 0 
885a7000-8863f000 rw-p 00000000 00:00 0 
8863f000-88649000 rw-p 00000000 00:00 0 
88649000-8869f000 rw-p 00000000 00:00 0 
8869f000-886b2000 rw-p 00000000 00:00 0 
886b2000-88749000 rw-p 00000000 00:00 0 
88749000-8879f000 rw-p 00000000 00:00 0 
8879f000-89b00000 rw-p 00000000 00:00 0 
89b00000-947a0000 rw-p 00000000 00:00 0 
947a0000-96c50000 rw-p 00000000 00:00 0 
96c50000-a9d00000 rw-p 00000000 00:00 0 
a9d00000-b47a0000 rw-p 00000000 00:00 0 
b47a0000-b47a1000 r--s 00002000 08:06 929572     /home/twu/.ivy2/cache/org.apache.ant/ant-launcher/jars/ant-launcher-1.7.1.jar
b47a1000-b47a5000 r--s 00045000 08:06 3171726    /usr/share/grails/1.3.7/dist/grails-bootstrap-1.3.7.jar
b47a5000-b47b6000 rw-p 00000000 00:00 0 
b47b6000-b4865000 rw-p 00000000 00:00 0 
b4865000-b4c85000 rwxp 00000000 00:00 0 
b4c85000-b7865000 rw-p 00000000 00:00 0 
b7865000-b7868000 ---p 00000000 00:00 0 
b7868000-b78b9000 rw-p 00000000 00:00 0 
b78b9000-b78bb000 r--s 00001000 08:06 3035997    /usr/lib/jvm/java-6-openjdk/jre/lib/ext/dnsns.jar
b78bb000-b78be000 r--s 0000f000 08:06 3035999    /usr/lib/jvm/java-6-openjdk/jre/lib/ext/pulse-java.jar
b78be000-b78bf000 r--p 007ed000 08:06 2893550    /usr/lib/locale/locale-archive
b78bf000-b78c7000 rw-s 00000000 08:06 2621503    /tmp/hsperfdata_twu/3426
b78c7000-b78c8000 rw-p 00000000 00:00 0 
b78c8000-b78c9000 r--p 00000000 00:00 0 
b78c9000-b78cb000 rw-p 00000000 00:00 0 
bfc0f000-bfc30000 rw-p 00000000 00:00 0          [stack]

VM Arguments:
jvm_args: -Xmx512M -XX:MaxPermSize=192m -Dfile.encoding=UTF-8 -Dgrails.home=/usr/share/grails/1.3.7 -Dtools.jar=/usr/lib/jvm/java-6-openjdk/lib/tools.jar 
java_command: org.codehaus.groovy.grails.cli.support.GrailsStarter --main org.codehaus.groovy.grails.cli.GrailsScriptRunner --conf /usr/share/grails/1.3.7/conf/groovy-starter.conf --classpath  test-app
Launcher Type: SUN_STANDARD

Environment Variables:
PATH=/usr/local/sbin:/usr/local/bin:/usr/sbin:/usr/bin:/sbin:/bin:/usr/games:/home/twu/.rvm/bin:/home/twu/.rvm/bin
USERNAME=twu
LD_LIBRARY_PATH=/usr/lib/jvm/java-6-openjdk/jre/lib/i386/server:/usr/lib/jvm/java-6-openjdk/jre/lib/i386:/usr/lib/jvm/java-6-openjdk/jre/../lib/i386
SHELL=/usr/bin/zsh
DISPLAY=:0

Signal Handlers:
SIGSEGV: [libjvm.so+0x656ef0], sa_mask[0]=0x7ffbfeff, sa_flags=0x10000004
SIGBUS: [libjvm.so+0x656ef0], sa_mask[0]=0x7ffbfeff, sa_flags=0x10000004
SIGFPE: [libjvm.so+0x51d410], sa_mask[0]=0x7ffbfeff, sa_flags=0x10000004
SIGPIPE: [libjvm.so+0x51d410], sa_mask[0]=0x7ffbfeff, sa_flags=0x10000004
SIGXFSZ: [libjvm.so+0x51d410], sa_mask[0]=0x7ffbfeff, sa_flags=0x10000004
SIGILL: [libjvm.so+0x51d410], sa_mask[0]=0x7ffbfeff, sa_flags=0x10000004
SIGUSR1: SIG_DFL, sa_mask[0]=0x00000000, sa_flags=0x00000000
SIGUSR2: [libjvm.so+0x51d280], sa_mask[0]=0x00000000, sa_flags=0x10000004
SIGHUP: [libjvm.so+0x520070], sa_mask[0]=0x7ffbfeff, sa_flags=0x10000004
SIGINT: [libjvm.so+0x520070], sa_mask[0]=0x7ffbfeff, sa_flags=0x10000004
SIGTERM: [libjvm.so+0x520070], sa_mask[0]=0x7ffbfeff, sa_flags=0x10000004
SIGQUIT: [libjvm.so+0x520070], sa_mask[0]=0x7ffbfeff, sa_flags=0x10000004


---------------  S Y S T E M  ---------------

OS:Ubuntu 11.04 (natty)
uname:Linux 2.6.38-10-generic #46-Ubuntu SMP Tue Jun 28 15:05:41 UTC 2011 i686
libc:glibc 2.13 NPTL 2.13 
rlimit: STACK 8192k, CORE 0k, NPROC infinity, NOFILE 4096, AS infinity
load average:0.68 0.51 0.73

/proc/meminfo:
MemTotal:        3601456 kB
MemFree:          641428 kB
Buffers:          143028 kB
Cached:           989320 kB
SwapCached:            0 kB
Active:          2136284 kB
Inactive:         695856 kB
Active(anon):    1701520 kB
Inactive(anon):     3164 kB
Active(file):     434764 kB
Inactive(file):   692692 kB
Unevictable:          32 kB
Mlocked:              32 kB
HighTotal:       2748732 kB
HighFree:          30280 kB
LowTotal:         852724 kB
LowFree:          611148 kB
SwapTotal:      33554428 kB
SwapFree:       33554428 kB
Dirty:               364 kB
Writeback:             0 kB
AnonPages:       1699760 kB
Mapped:           234512 kB
Shmem:              4896 kB
Slab:              46760 kB
SReclaimable:      29800 kB
SUnreclaim:        16960 kB
KernelStack:        3296 kB
PageTables:         8048 kB
NFS_Unstable:          0 kB
Bounce:                0 kB
WritebackTmp:          0 kB
CommitLimit:    35355156 kB
Committed_AS:    3373204 kB
VmallocTotal:     122880 kB
VmallocUsed:       71124 kB
VmallocChunk:      39420 kB
HardwareCorrupted:     0 kB
HugePages_Total:       0
HugePages_Free:        0
HugePages_Rsvd:        0
HugePages_Surp:        0
Hugepagesize:       4096 kB
DirectMap4k:       61432 kB
DirectMap4M:      847872 kB


CPU:total 2 (2 cores per cpu, 1 threads per core) family 6 model 23 stepping 10, cmov, cx8, fxsr, mmx, sse, sse2, sse3, ssse3, sse4.1

Memory: 4k page, physical 3601456k(641428k free), swap 33554428k(33554428k free)

vm_info: OpenJDK Server VM (20.0-b11) for linux-x86 JRE (1.6.0_22-b22), built on Jun 11 2011 05:56:20 by "buildd" with gcc 4.5.2

time: Wed Aug 24 10:20:58 2011
elapsed time: 18 seconds

